#
# A fatal error has been detected by the Java Runtime Environment:
#
#  SIGSEGV (0xb) at pc=0x00007f362967cd4b, pid=10491, tid=0x00007f35fe76b700
#
# JRE version: Java(TM) SE Runtime Environment (8.0_111-b14) (build 1.8.0_111-b14)
# Java VM: Java HotSpot(TM) 64-Bit Server VM (25.111-b14 mixed mode linux-amd64 compressed oops)
# Problematic frame:
# C  [libfreetype.so.6+0x16d4b]  FT_Done_Face+0x2b
#
# Failed to write core dump. Core dumps have been disabled. To enable core dumping, try "ulimit -c unlimited" before starting Java again
#
# If you would like to submit a bug report, please visit:
#   http://bugreport.java.com/bugreport/crash.jsp
# The crash happened outside the Java Virtual Machine in native code.
# See problematic frame for where to report the bug.
#

---------------  T H R E A D  ---------------

Current thread (0x00007f3608104800):  JavaThread "JavaFX Application Thread" [_thread_in_native, id=10515, stack(0x00007f35fe66b000,0x00007f35fe76c000)]

siginfo: si_signo: 11 (SIGSEGV), si_code: 1 (SEGV_MAPERR), si_addr: 0x000000000000006c

Registers:
RAX=0x00007f35fe265e30, RBX=0x00007f360d9a2590, RCX=0x00007f36540068e0, RDX=0x0000000000000000
RSP=0x00007f35fe768910, RBP=0x0000000000000000, RSI=0x00007f35fe7689b8, RDI=0x00007f360d9a2590
R8 =0x0000000000000000, R9 =0x000000000000000c, R10=0x00007f35fe768710, R11=0x00007f362967cd20
R12=0x00007f360d96d300, R13=0x00007f36420e2ca0, R14=0x00007f35fe7689d0, R15=0x00007f3608104800
RIP=0x00007f362967cd4b, EFLAGS=0x0000000000010246, CSGSFS=0x0000000000000033, ERR=0x0000000000000004
  TRAPNO=0x000000000000000e

Top of Stack: (sp=0x00007f35fe768910)
0x00007f35fe768910:   00007f360d9a2590 00007f36420e2ca0
0x00007f35fe768920:   00007f35fe7689a8 0000000000000000
0x00007f35fe768930:   00007f36420e2ca0 00007f35fe7689d0
0x00007f35fe768940:   00007f3608104800 00007f36449e5494
0x00007f35fe768950:   00007f35fe7689a8 00007f36449e5227
0x00007f35fe768960:   00007f36449e51e2 00007f35fe768968
0x00007f35fe768970:   00007f36420e2ca0 00007f35fe7689d0
0x00007f35fe768980:   00007f36420e3328 0000000000000000
0x00007f35fe768990:   00007f36420e2ca0 0000000000000000
0x00007f35fe7689a0:   00007f35fe7689c8 00007f35fe768a18
0x00007f35fe7689b0:   00007f36449d5d00 00000000ec195378
0x00007f35fe7689c0:   00007f36449df536 00007f360d9a2590
0x00007f35fe7689d0:   00000000ec20fdc8 00007f35fe7689d8
0x00007f35fe7689e0:   00007f36420d5c21 00007f35fe768a68
0x00007f35fe7689f0:   00007f36420e1b30 0000000000000000
0x00007f35fe768a00:   00007f36420d5c58 00007f35fe7689c8
0x00007f35fe768a10:   00007f35fe768a60 00007f35fe768ab0
0x00007f35fe768a20:   00007f36449d5a90 00007f360d9a2590
0x00007f35fe768a30:   0000000000000000 00000000ec210418
0x00007f35fe768a40:   00007f360d9a2590 0000000000000000
0x00007f35fe768a50:   0000000000000001 00000000ec20fdc8
0x00007f35fe768a60:   00000000ec20fd20 00000000ec198b10
0x00007f35fe768a70:   00007f35fe768a70 00007f36420d0be4
0x00007f35fe768a80:   00007f35fe768af8 00007f36420d31d8
0x00007f35fe768a90:   0000000000000000 00007f36420d0c88
0x00007f35fe768aa0:   00007f35fe768a60 00007f35fe768af0
0x00007f35fe768ab0:   00007f35fe768b50 00007f36449d62bd
0x00007f35fe768ac0:   0000000000000000 0000000000000000
0x00007f35fe768ad0:   00000000ec20fd20 0000000000000000
0x00007f35fe768ae0:   00000000ec20fb90 00000000ec209708
0x00007f35fe768af0:   00000000ec16bec0 00000000ec198b10
0x00007f35fe768b00:   00007f36420c7578 00000000ec198b10 

Instructions: (pc=0x00007f362967cd4b)
0x00007f362967cd2b:   89 fb 48 83 ec 08 48 85 ff 74 3a 4c 8b a7 b0 00
0x00007f362967cd3b:   00 00 4d 85 e4 74 2e 48 8b 97 f0 00 00 00 31 ed
0x00007f362967cd4b:   8b 42 6c 83 e8 01 85 c0 89 42 6c 7e 28 48 83 c4
0x00007f362967cd5b:   08 89 e8 5b 5d 41 5c 41 5d 41 5e 41 5f c3 0f 1f 

Register to memory mapping:

RAX=0x00007f35fe265e30: Java_com_sun_javafx_font_freetype_OSFreetype_FT_1Done_1Face+0 in /usr/lib/jvm/jdk1.8.0_111/jre/lib/amd64/libjavafx_font_freetype.so at 0x00007f35fe263000
RBX=0x00007f360d9a2590 is an unknown value
RCX=0x00007f36540068e0 is an unknown value
RDX=0x0000000000000000 is an unknown value
RSP=0x00007f35fe768910 is pointing into the stack for thread: 0x00007f3608104800
RBP=0x0000000000000000 is an unknown value
RSI=0x00007f35fe7689b8 is pointing into the stack for thread: 0x00007f3608104800
RDI=0x00007f360d9a2590 is an unknown value
R8 =0x0000000000000000 is an unknown value
R9 =0x000000000000000c is an unknown value
R10=0x00007f35fe768710 is pointing into the stack for thread: 0x00007f3608104800
R11=0x00007f362967cd20: FT_Done_Face+0 in /usr/lib/x86_64-linux-gnu/libfreetype.so.6 at 0x00007f3629666000
R12=0x00007f360d96d300 is an unknown value
R13={method} {0x00007f36420e2ca0} 'FT_Done_Face' '(J)I' in 'com/sun/javafx/font/freetype/OSFreetype'
R14=0x00007f35fe7689d0 is pointing into the stack for thread: 0x00007f3608104800
R15=0x00007f3608104800 is a thread


Stack: [0x00007f35fe66b000,0x00007f35fe76c000],  sp=0x00007f35fe768910,  free space=1014k
Native frames: (J=compiled Java code, j=interpreted, Vv=VM code, C=native code)
C  [libfreetype.so.6+0x16d4b]  FT_Done_Face+0x2b

Java frames: (J=compiled Java code, j=interpreted, Vv=VM code)
j  com.sun.javafx.font.freetype.OSFreetype.FT_Done_Face(J)I+0
j  com.sun.javafx.font.freetype.FTFactory.registerEmbeddedFont(Ljava/lang/String;)Z+65
j  com.sun.javafx.font.PrismFontFactory.populateFontFileNameMapGeneric(Ljava/lang/String;)V+76
j  com.sun.javafx.font.PrismFontFactory.getFullNameToFileMap()Ljava/util/HashMap;+357
j  com.sun.javafx.font.PrismFontFactory.getFontResource(Ljava/lang/String;ZZZ)Lcom/sun/javafx/font/FontResource;+377
j  com.sun.javafx.font.PrismFontFactory.createFont(Ljava/lang/String;ZZF)Lcom/sun/javafx/font/PGFont;+37
j  com.sun.javafx.font.PrismFontLoader.font(Ljava/lang/String;Ljavafx/scene/text/FontWeight;Ljavafx/scene/text/FontPosture;F)Ljavafx/scene/text/Font;+75
j  javafx.scene.text.Font.font(Ljava/lang/String;Ljavafx/scene/text/FontWeight;Ljavafx/scene/text/FontPosture;D)Ljavafx/scene/text/Font;+50
j  javafx.scene.text.Font.font(Ljava/lang/String;D)Ljavafx/scene/text/Font;+4
j  vt.smt.GUI.Titleses.<init>(Ljava/lang/String;)V+24
j  vt.smt.GUI.Titleses.<init>()V+41
j  vt.smt.GUI.BearsLine.<init>()V+31
j  vt.smt.GUI.MainGUI.start(Ljavafx/stage/Stage;)V+50
j  com.sun.javafx.application.LauncherImpl.lambda$launchApplication1$162(Ljava/util/concurrent/atomic/AtomicBoolean;Ljavafx/application/Application;)V+20
j  com.sun.javafx.application.LauncherImpl$$Lambda$73.run()V+8
j  com.sun.javafx.application.PlatformImpl.lambda$runAndWait$175(Ljava/lang/Runnable;Ljava/util/concurrent/CountDownLatch;)V+1
j  com.sun.javafx.application.PlatformImpl$$Lambda$52.run()V+8
j  com.sun.javafx.application.PlatformImpl.lambda$null$173(Ljava/lang/Runnable;)Ljava/lang/Void;+1
j  com.sun.javafx.application.PlatformImpl$$Lambda$55.run()Ljava/lang/Object;+4
v  ~StubRoutines::call_stub
j  java.security.AccessController.doPrivileged(Ljava/security/PrivilegedAction;Ljava/security/AccessControlContext;)Ljava/lang/Object;+0
j  com.sun.javafx.application.PlatformImpl.lambda$runLater$174(Ljava/lang/Runnable;Ljava/security/AccessControlContext;)V+7
j  com.sun.javafx.application.PlatformImpl$$Lambda$53.run()V+8
j  com.sun.glass.ui.InvokeLaterDispatcher$Future.run()V+4
v  ~StubRoutines::call_stub
j  com.sun.glass.ui.gtk.GtkApplication._runLoop(Ljava/lang/Runnable;Z)V+0
j  com.sun.glass.ui.gtk.GtkApplication.lambda$null$49(Ljava/lang/Runnable;Z)V+7
j  com.sun.glass.ui.gtk.GtkApplication$$Lambda$43.run()V+12
j  java.lang.Thread.run()V+11
v  ~StubRoutines::call_stub

---------------  P R O C E S S  ---------------

Java Threads: ( => current thread )
=>0x00007f3608104800 JavaThread "JavaFX Application Thread" [_thread_in_native, id=10515, stack(0x00007f35fe66b000,0x00007f35fe76c000)]
  0x00007f3608100800 JavaThread "Thread-2" daemon [_thread_blocked, id=10514, stack(0x00007f35fe76c000,0x00007f35fe86d000)]
  0x00007f360804a800 JavaThread "QuantumRenderer-0" daemon [_thread_blocked, id=10511, stack(0x00007f362b55c000,0x00007f362b65d000)]
  0x00007f3654252000 JavaThread "JavaFX-Launcher" [_thread_blocked, id=10510, stack(0x00007f362b65d000,0x00007f362b75e000)]
  0x00007f365420a000 JavaThread "Monitor Ctrl-Break" daemon [_thread_in_native, id=10508, stack(0x00007f362b9a6000,0x00007f362baa7000)]
  0x00007f36540cd000 JavaThread "Service Thread" daemon [_thread_blocked, id=10506, stack(0x00007f362bdfe000,0x00007f362beff000)]
  0x00007f36540b8000 JavaThread "C1 CompilerThread1" daemon [_thread_blocked, id=10505, stack(0x00007f362beff000,0x00007f362c000000)]
  0x00007f36540b5800 JavaThread "C2 CompilerThread0" daemon [_thread_in_native, id=10504, stack(0x00007f36400f0000,0x00007f36401f1000)]
  0x00007f36540b3800 JavaThread "Signal Dispatcher" daemon [_thread_blocked, id=10503, stack(0x00007f36401f1000,0x00007f36402f2000)]
  0x00007f3654080800 JavaThread "Finalizer" daemon [_thread_blocked, id=10502, stack(0x00007f3640b06000,0x00007f3640c07000)]
  0x00007f365407c000 JavaThread "Reference Handler" daemon [_thread_blocked, id=10501, stack(0x00007f3640c07000,0x00007f3640d08000)]
  0x00007f365400a800 JavaThread "main" [_thread_blocked, id=10492, stack(0x00007f365a925000,0x00007f365aa26000)]

Other Threads:
  0x00007f3654074800 VMThread [stack: 0x00007f3640d08000,0x00007f3640e09000] [id=10500]
  0x00007f36540d0000 WatcherThread [stack: 0x00007f362bcfd000,0x00007f362bdfe000] [id=10507]

VM state:not at safepoint (normal execution)

VM Mutex/Monitor currently owned by a thread: None

Heap:
 PSYoungGen      total 17920K, used 4770K [0x00000000ec000000, 0x00000000ed400000, 0x0000000100000000)
  eden space 15360K, 14% used [0x00000000ec000000,0x00000000ec22ccd0,0x00000000ecf00000)
  from space 2560K, 99% used [0x00000000ecf00000,0x00000000ed17bc60,0x00000000ed180000)
  to   space 2560K, 0% used [0x00000000ed180000,0x00000000ed180000,0x00000000ed400000)
 ParOldGen       total 40960K, used 0K [0x00000000c4000000, 0x00000000c6800000, 0x00000000ec000000)
  object space 40960K, 0% used [0x00000000c4000000,0x00000000c4000000,0x00000000c6800000)
 Metaspace       used 9076K, capacity 9458K, committed 9600K, reserved 1056768K
  class space    used 1187K, capacity 1313K, committed 1408K, reserved 1048576K

Card table byte_map: [0x00007f364442d000,0x00007f364460e000] byte_map_base: 0x00007f3643e0d000

Marking Bits: (ParMarkBitMap*) 0x00007f3659e04220
 Begin Bits: [0x00007f36422eb000, 0x00007f36431eb000)
 End Bits:   [0x00007f36431eb000, 0x00007f36440eb000)

Polling page: 0x00007f365aa50000

CodeCache: size=245760Kb used=2776Kb max_used=2776Kb free=242983Kb
 bounds [0x00007f36449ce000, 0x00007f3644c8e000, 0x00007f36539ce000]
 total_blobs=1127 nmethods=669 adapters=373
 compilation: enabled

Compilation events (10 events):
Event: 5,218 Thread 0x00007f36540b8000  666       3       java.util.Locale::getDefault (4 bytes)
Event: 5,218 Thread 0x00007f36540b8000 nmethod 666 0x00007f3644c74d50 code [0x00007f3644c74ea0, 0x00007f3644c74ff0]
Event: 5,218 Thread 0x00007f36540b8000  667       3       java.lang.String::toLowerCase (8 bytes)
Event: 5,219 Thread 0x00007f36540b8000 nmethod 667 0x00007f3644c748d0 code [0x00007f3644c74a40, 0x00007f3644c74ca8]
Event: 5,220 Thread 0x00007f36540b8000  668       3       java.util.HashMap$HashIterator::hasNext (13 bytes)
Event: 5,221 Thread 0x00007f36540b8000 nmethod 668 0x00007f3644c74550 code [0x00007f3644c746c0, 0x00007f3644c74870]
Event: 5,222 Thread 0x00007f36540b8000  669       3       java.util.HashMap$HashIterator::nextNode (100 bytes)
Event: 5,223 Thread 0x00007f36540b8000 nmethod 669 0x00007f3644c73c90 code [0x00007f3644c73e40, 0x00007f3644c74318]
Event: 5,223 Thread 0x00007f36540b8000  670       3       java.util.HashMap$KeyIterator::next (8 bytes)
Event: 5,223 Thread 0x00007f36540b8000 nmethod 670 0x00007f3644c81990 code [0x00007f3644c81b00, 0x00007f3644c81d08]

GC Heap History (2 events):
Event: 4,752 GC heap before
{Heap before GC invocations=1 (full 0):
 PSYoungGen      total 17920K, used 15360K [0x00000000ec000000, 0x00000000ed400000, 0x0000000100000000)
  eden space 15360K, 100% used [0x00000000ec000000,0x00000000ecf00000,0x00000000ecf00000)
  from space 2560K, 0% used [0x00000000ed180000,0x00000000ed180000,0x00000000ed400000)
  to   space 2560K, 0% used [0x00000000ecf00000,0x00000000ecf00000,0x00000000ed180000)
 ParOldGen       total 40960K, used 0K [0x00000000c4000000, 0x00000000c6800000, 0x00000000ec000000)
  object space 40960K, 0% used [0x00000000c4000000,0x00000000c4000000,0x00000000c6800000)
 Metaspace       used 8383K, capacity 8818K, committed 8960K, reserved 1056768K
  class space    used 1077K, capacity 1209K, committed 1280K, reserved 1048576K
Event: 4,780 GC heap after
Heap after GC invocations=1 (full 0):
 PSYoungGen      total 17920K, used 2543K [0x00000000ec000000, 0x00000000ed400000, 0x0000000100000000)
  eden space 15360K, 0% used [0x00000000ec000000,0x00000000ec000000,0x00000000ecf00000)
  from space 2560K, 99% used [0x00000000ecf00000,0x00000000ed17bc60,0x00000000ed180000)
  to   space 2560K, 0% used [0x00000000ed180000,0x00000000ed180000,0x00000000ed400000)
 ParOldGen       total 40960K, used 0K [0x00000000c4000000, 0x00000000c6800000, 0x00000000ec000000)
  object space 40960K, 0% used [0x00000000c4000000,0x00000000c4000000,0x00000000c6800000)
 Metaspace       used 8383K, capacity 8818K, committed 8960K, reserved 1056768K
  class space    used 1077K, capacity 1209K, committed 1280K, reserved 1048576K
}

Deoptimization events (3 events):
Event: 0,960 Thread 0x00007f365400a800 Uncommon trap: reason=unstable_if action=reinterpret pc=0x00007f3644af3cf4 method=java.lang.String.hashCode()I @ 14
Event: 3,622 Thread 0x00007f3608104800 Uncommon trap: reason=unstable_if action=reinterpret pc=0x00007f3644b88188 method=java.lang.String.replace(CC)Ljava/lang/String; @ 2
Event: 4,135 Thread 0x00007f3608104800 Uncommon trap: reason=unstable_if action=reinterpret pc=0x00007f3644ba76a0 method=java.lang.String.indexOf([CII[CIII)I @ 134

Internal exceptions (10 events):
Event: 0,177 Thread 0x00007f365400a800 Exception <a 'java/lang/NoSuchMethodError': Method sun.misc.Unsafe.prefetchRead(Ljava/lang/Object;J)V name or signature does not match> (0x00000000ec007f60) thrown at [/HUDSON3/workspace/8-2-build-linux-amd64/jdk8u111/7883/hotspot/src/share/vm/prims/jni.c
Event: 1,620 Thread 0x00007f365400a800 Exception <a 'java/lang/NoSuchFieldError': method resolution failed> (0x00000000ec2d2c98) thrown at [/HUDSON3/workspace/8-2-build-linux-amd64/jdk8u111/7883/hotspot/src/share/vm/prims/methodHandles.cpp, line 1146]
Event: 1,643 Thread 0x00007f365400a800 Exception <a 'java/lang/NoSuchFieldError': method resolution failed> (0x00000000ec2e0018) thrown at [/HUDSON3/workspace/8-2-build-linux-amd64/jdk8u111/7883/hotspot/src/share/vm/prims/methodHandles.cpp, line 1146]
Event: 1,872 Thread 0x00007f3654252000 Exception <a 'java/security/PrivilegedActionException'> (0x00000000ec3b4d80) thrown at [/HUDSON3/workspace/8-2-build-linux-amd64/jdk8u111/7883/hotspot/src/share/vm/prims/jvm.cpp, line 1386]
Event: 1,872 Thread 0x00007f3654252000 Exception <a 'java/security/PrivilegedActionException'> (0x00000000ec3b4f90) thrown at [/HUDSON3/workspace/8-2-build-linux-amd64/jdk8u111/7883/hotspot/src/share/vm/prims/jvm.cpp, line 1386]
Event: 1,881 Thread 0x00007f3654252000 Exception <a 'java/security/PrivilegedActionException'> (0x00000000ec3b9040) thrown at [/HUDSON3/workspace/8-2-build-linux-amd64/jdk8u111/7883/hotspot/src/share/vm/prims/jvm.cpp, line 1386]
Event: 1,881 Thread 0x00007f3654252000 Exception <a 'java/security/PrivilegedActionException'> (0x00000000ec3b9250) thrown at [/HUDSON3/workspace/8-2-build-linux-amd64/jdk8u111/7883/hotspot/src/share/vm/prims/jvm.cpp, line 1386]
Event: 1,883 Thread 0x00007f3654252000 Exception <a 'java/lang/NullPointerException'> (0x00000000ec3ba518) thrown at [/HUDSON3/workspace/8-2-build-linux-amd64/jdk8u111/7883/hotspot/src/share/vm/interpreter/linkResolver.cpp, line 1178]
Event: 4,057 Thread 0x00007f3608104800 Exception <a 'java/lang/NullPointerException'> (0x00000000ecb6bce0) thrown at [/HUDSON3/workspace/8-2-build-linux-amd64/jdk8u111/7883/hotspot/src/share/vm/interpreter/linkResolver.cpp, line 1178]
Event: 4,057 Thread 0x00007f3608104800 Exception <a 'java/lang/NullPointerException'> (0x00000000ecb6bce0) thrown at [/HUDSON3/workspace/8-2-build-linux-amd64/jdk8u111/7883/hotspot/src/share/vm/prims/jvm.cpp, line 1390]

Events (10 events):
Event: 5,111 loading class javafx/scene/text/FontPosture
Event: 5,111 loading class javafx/scene/text/FontPosture done
Event: 5,113 loading class com/sun/javafx/font/FontConfigManager
Event: 5,113 loading class com/sun/javafx/font/FontConfigManager done
Event: 5,204 loading class java/util/HashMap$KeySet
Event: 5,204 loading class java/util/HashMap$KeySet done
Event: 5,204 loading class java/util/HashMap$KeyIterator
Event: 5,204 loading class java/util/HashMap$KeyIterator done
Event: 5,225 loading class com/sun/javafx/font/PrismFontFactory$TTFilter
Event: 5,225 loading class com/sun/javafx/font/PrismFontFactory$TTFilter done


Dynamic libraries:
00400000-00401000 r-xp 00000000 08:05 1497198                            /usr/lib/jvm/jdk1.8.0_111/bin/java
00600000-00601000 rw-p 00000000 08:05 1497198                            /usr/lib/jvm/jdk1.8.0_111/bin/java
007ee000-0080f000 rw-p 00000000 00:00 0                                  [heap]
c4000000-c6800000 rw-p 00000000 00:00 0 
c6800000-ec000000 ---p 00000000 00:00 0 
ec000000-ed400000 rw-p 00000000 00:00 0 
ed400000-100000000 ---p 00000000 00:00 0 
100000000-100160000 rw-p 00000000 00:00 0 
100160000-140000000 ---p 00000000 00:00 0 
7f35f8000000-7f35f8021000 rw-p 00000000 00:00 0 
7f35f8021000-7f35fc000000 ---p 00000000 00:00 0 
7f35fe1c2000-7f35fe1d0000 r--s 00000000 08:05 2637789                    /var/cache/fontconfig/6aa41aa22e18b8fa06a12da28ea9c28b-le64.cache-4
7f35fe1d0000-7f35fe1d1000 r--s 00000000 08:05 2637790                    /var/cache/fontconfig/c05880de57d1f5e948fdfacc138775d9-le64.cache-4
7f35fe1d1000-7f35fe1dc000 r--s 00000000 08:05 2626695                    /var/cache/fontconfig/945677eb7aeaf62f1d50efc3fb3ec7d8-le64.cache-4
7f35fe1dc000-7f35fe1de000 r--s 00000000 08:05 2637788                    /var/cache/fontconfig/99e8ed0e538f840c565b6ed5dad60d56-le64.cache-4
7f35fe1de000-7f35fe1e7000 r--s 00000000 08:05 2637786                    /var/cache/fontconfig/a6d8cf8e4ec09cdbc8633c31745a07dd-le64.cache-4
7f35fe1e7000-7f35fe1ed000 r--s 00000000 08:05 2637783                    /var/cache/fontconfig/2cd17615ca594fa2959ae173292e504c-le64.cache-4
7f35fe1ed000-7f35fe1ee000 r--s 00000000 08:05 2637781                    /var/cache/fontconfig/e7071f4a29fa870f4323321c154eba04-le64.cache-4
7f35fe1ee000-7f35fe1ef000 r--s 00000000 08:05 2637780                    /var/cache/fontconfig/0d8c3b2ac0904cb8a57a757ad11a4a08-le64.cache-4
7f35fe1ef000-7f35fe1f6000 r--s 00000000 08:05 2637779                    /var/cache/fontconfig/a755afe4a08bf5b97852ceb7400b47bc-le64.cache-4
7f35fe1f6000-7f35fe1fa000 r--s 00000000 08:05 2637778                    /var/cache/fontconfig/6d41288fd70b0be22e8c3a91e032eec0-le64.cache-4
7f35fe1fa000-7f35fe205000 r--s 00000000 08:05 2637777                    /var/cache/fontconfig/a6354e3ac43af67bd8d7b8e43c34e49f-le64.cache-4
7f35fe205000-7f35fe219000 r--s 00000000 08:05 2637759                    /var/cache/fontconfig/04aabc0a78ac019cf9454389977116d2-le64.cache-4
7f35fe219000-7f35fe21a000 r--s 00000000 08:05 2637742                    /var/cache/fontconfig/1ac9eb803944fde146138c791f5cc56a-le64.cache-4
7f35fe21a000-7f35fe21e000 r--s 00000000 08:05 2637740                    /var/cache/fontconfig/385c0604a188198f04d133e54aba7fe7-le64.cache-4
7f35fe21e000-7f35fe21f000 r--s 00000000 08:05 2637731                    /var/cache/fontconfig/dc05db6664285cc2f12bf69c139ae4c3-le64.cache-4
7f35fe21f000-7f35fe221000 r--s 00000000 08:05 2637730                    /var/cache/fontconfig/767a8244fc0220cfb567a839d0392e0b-le64.cache-4
7f35fe221000-7f35fe226000 r--s 00000000 08:05 2630051                    /var/cache/fontconfig/8801497958630a81b71ace7c5f9b32a8-le64.cache-4
7f35fe226000-7f35fe22d000 r--s 00000000 08:05 2637724                    /var/cache/fontconfig/3047814df9a2f067bd2d96a2b9c36e5a-le64.cache-4
7f35fe22d000-7f35fe233000 r--s 00000000 08:05 2637710                    /var/cache/fontconfig/b47c4e1ecd0709278f4910c18777a504-le64.cache-4
7f35fe233000-7f35fe23c000 r--s 00000000 08:05 2637709                    /var/cache/fontconfig/52f7bdb7ce746bfd7eaa1985bd9cfa93-le64.cache-4
7f35fe23c000-7f35fe24f000 r--s 00000000 08:05 2637706                    /var/cache/fontconfig/d52a8644073d54c13679302ca1180695-le64.cache-4
7f35fe24f000-7f35fe258000 r--s 00000000 08:05 2637704                    /var/cache/fontconfig/3f7329c5293ffd510edef78f73874cfd-le64.cache-4
7f35fe258000-7f35fe263000 r--s 00000000 08:05 2637701                    /var/cache/fontconfig/d589a48862398ed80a3d6066f4f56f4c-le64.cache-4
7f35fe263000-7f35fe268000 r-xp 00000000 08:05 1087460                    /usr/lib/jvm/jdk1.8.0_111/jre/lib/amd64/libjavafx_font_freetype.so
7f35fe268000-7f35fe467000 ---p 00005000 08:05 1087460                    /usr/lib/jvm/jdk1.8.0_111/jre/lib/amd64/libjavafx_font_freetype.so
7f35fe467000-7f35fe468000 rw-p 00004000 08:05 1087460                    /usr/lib/jvm/jdk1.8.0_111/jre/lib/amd64/libjavafx_font_freetype.so
7f35fe468000-7f35fe46b000 r-xp 00000000 08:05 1087422                    /usr/lib/jvm/jdk1.8.0_111/jre/lib/amd64/libjavafx_font.so
7f35fe46b000-7f35fe66a000 ---p 00003000 08:05 1087422                    /usr/lib/jvm/jdk1.8.0_111/jre/lib/amd64/libjavafx_font.so
7f35fe66a000-7f35fe66b000 rw-p 00002000 08:05 1087422                    /usr/lib/jvm/jdk1.8.0_111/jre/lib/amd64/libjavafx_font.so
7f35fe66b000-7f35fe66e000 ---p 00000000 00:00 0 
7f35fe66e000-7f35fe76c000 rw-p 00000000 00:00 0                          [stack:10515]
7f35fe76c000-7f35fe76f000 ---p 00000000 00:00 0 
7f35fe76f000-7f35fe86d000 rw-p 00000000 00:00 0                          [stack:10514]
7f35fe86d000-7f35fe86e000 ---p 00000000 00:00 0 
7f35fe86e000-7f35ff06e000 rw-p 00000000 00:00 0                          [stack:10513]
7f35ff06e000-7f35ff06f000 ---p 00000000 00:00 0 
7f35ff06f000-7f35ff86f000 rw-p 00000000 00:00 0                          [stack:10512]
7f35ff86f000-7f35ff87a000 r-xp 00000000 08:05 3680100                    /usr/lib/x86_64-linux-gnu/gio/modules/libdconfsettings.so
7f35ff87a000-7f35ffa7a000 ---p 0000b000 08:05 3680100                    /usr/lib/x86_64-linux-gnu/gio/modules/libdconfsettings.so
7f35ffa7a000-7f35ffa7b000 r--p 0000b000 08:05 3680100                    /usr/lib/x86_64-linux-gnu/gio/modules/libdconfsettings.so
7f35ffa7b000-7f35ffa7c000 rw-p 0000c000 08:05 3680100                    /usr/lib/x86_64-linux-gnu/gio/modules/libdconfsettings.so
7f35ffa7c000-7f35ffa83000 r-xp 00000000 08:05 3424421                    /usr/lib/x86_64-linux-gnu/libogg.so.0.8.1
7f35ffa83000-7f35ffc83000 ---p 00007000 08:05 3424421                    /usr/lib/x86_64-linux-gnu/libogg.so.0.8.1
7f35ffc83000-7f35ffc84000 r--p 00007000 08:05 3424421                    /usr/lib/x86_64-linux-gnu/libogg.so.0.8.1
7f35ffc84000-7f35ffc85000 rw-p 00008000 08:05 3424421                    /usr/lib/x86_64-linux-gnu/libogg.so.0.8.1
7f35ffc85000-7f35ffcb1000 r-xp 00000000 08:05 3424700                    /usr/lib/x86_64-linux-gnu/libvorbis.so.0.4.7
7f35ffcb1000-7f35ffeb0000 ---p 0002c000 08:05 3424700                    /usr/lib/x86_64-linux-gnu/libvorbis.so.0.4.7
7f35ffeb0000-7f35ffeb1000 r--p 0002b000 08:05 3424700                    /usr/lib/x86_64-linux-gnu/libvorbis.so.0.4.7
7f35ffeb1000-7f35ffeb2000 rw-p 0002c000 08:05 3424700                    /usr/lib/x86_64-linux-gnu/libvorbis.so.0.4.7
7f35ffeb2000-7f35ffebb000 r-xp 00000000 08:05 3424327                    /usr/lib/x86_64-linux-gnu/libltdl.so.7.3.0
7f35ffebb000-7f36000ba000 ---p 00009000 08:05 3424327                    /usr/lib/x86_64-linux-gnu/libltdl.so.7.3.0
7f36000ba000-7f36000bb000 r--p 00008000 08:05 3424327                    /usr/lib/x86_64-linux-gnu/libltdl.so.7.3.0
7f36000bb000-7f36000bc000 rw-p 00009000 08:05 3424327                    /usr/lib/x86_64-linux-gnu/libltdl.so.7.3.0
7f36000bc000-7f36000d0000 r-xp 00000000 08:05 3416630                    /usr/lib/x86_64-linux-gnu/libtdb.so.1.3.8
7f36000d0000-7f36002cf000 ---p 00014000 08:05 3416630                    /usr/lib/x86_64-linux-gnu/libtdb.so.1.3.8
7f36002cf000-7f36002d0000 r--p 00013000 08:05 3416630                    /usr/lib/x86_64-linux-gnu/libtdb.so.1.3.8
7f36002d0000-7f36002d1000 rw-p 00014000 08:05 3416630                    /usr/lib/x86_64-linux-gnu/libtdb.so.1.3.8
7f36002d1000-7f36002d8000 r-xp 00000000 08:05 3424086                    /usr/lib/x86_64-linux-gnu/libvorbisfile.so.3.3.6
7f36002d8000-7f36004d8000 ---p 00007000 08:05 3424086                    /usr/lib/x86_64-linux-gnu/libvorbisfile.so.3.3.6
7f36004d8000-7f36004d9000 r--p 00007000 08:05 3424086                    /usr/lib/x86_64-linux-gnu/libvorbisfile.so.3.3.6
7f36004d9000-7f36004da000 rw-p 00008000 08:05 3424086                    /usr/lib/x86_64-linux-gnu/libvorbisfile.so.3.3.6
7f36004da000-7f36004e9000 r-xp 00000000 08:05 3423841                    /usr/lib/x86_64-linux-gnu/libcanberra.so.0.2.5
7f36004e9000-7f36006e8000 ---p 0000f000 08:05 3423841                    /usr/lib/x86_64-linux-gnu/libcanberra.so.0.2.5
7f36006e8000-7f36006e9000 r--p 0000e000 08:05 3423841                    /usr/lib/x86_64-linux-gnu/libcanberra.so.0.2.5
7f36006e9000-7f36006ea000 rw-p 0000f000 08:05 3423841                    /usr/lib/x86_64-linux-gnu/libcanberra.so.0.2.5
7f36006ea000-7f36006ee000 r-xp 00000000 08:05 3423837                    /usr/lib/x86_64-linux-gnu/libcanberra-gtk.so.0.1.9
7f36006ee000-7f36008ed000 ---p 00004000 08:05 3423837                    /usr/lib/x86_64-linux-gnu/libcanberra-gtk.so.0.1.9
7f36008ed000-7f36008ee000 r--p 00003000 08:05 3423837                    /usr/lib/x86_64-linux-gnu/libcanberra-gtk.so.0.1.9
7f36008ee000-7f36008ef000 rw-p 00004000 08:05 3423837                    /usr/lib/x86_64-linux-gnu/libcanberra-gtk.so.0.1.9
7f36008ef000-7f36008f4000 r-xp 00000000 08:05 3680355                    /usr/lib/x86_64-linux-gnu/gtk-2.0/modules/libcanberra-gtk-module.so
7f36008f4000-7f3600af3000 ---p 00005000 08:05 3680355                    /usr/lib/x86_64-linux-gnu/gtk-2.0/modules/libcanberra-gtk-module.so
7f3600af3000-7f3600af4000 r--p 00004000 08:05 3680355                    /usr/lib/x86_64-linux-gnu/gtk-2.0/modules/libcanberra-gtk-module.so
7f3600af4000-7f3600af5000 rw-p 00005000 08:05 3680355                    /usr/lib/x86_64-linux-gnu/gtk-2.0/modules/libcanberra-gtk-module.so
7f3600af5000-7f3600b24000 r-xp 00000000 08:05 3680337                    /usr/lib/x86_64-linux-gnu/gtk-2.0/2.10.0/engines/libmurrine.so
7f3600b24000-7f3600d24000 ---p 0002f000 08:05 3680337                    /usr/lib/x86_64-linux-gnu/gtk-2.0/2.10.0/engines/libmurrine.so
7f3600d24000-7f3600d25000 r--p 0002f000 08:05 3680337                    /usr/lib/x86_64-linux-gnu/gtk-2.0/2.10.0/engines/libmurrine.so
7f3600d25000-7f3600d26000 rw-p 00030000 08:05 3680337                    /usr/lib/x86_64-linux-gnu/gtk-2.0/2.10.0/engines/libmurrine.so
7f3600d26000-7f3600d36000 r-xp 00000000 08:05 3418323                    /usr/lib/x86_64-linux-gnu/libunity-gtk2-parser.so.0.0.0
7f3600d36000-7f3600f35000 ---p 00010000 08:05 3418323                    /usr/lib/x86_64-linux-gnu/libunity-gtk2-parser.so.0.0.0
7f3600f35000-7f3600f36000 r--p 0000f000 08:05 3418323                    /usr/lib/x86_64-linux-gnu/libunity-gtk2-parser.so.0.0.0
7f3600f36000-7f3600f37000 rw-p 00010000 08:05 3418323                    /usr/lib/x86_64-linux-gnu/libunity-gtk2-parser.so.0.0.0
7f3600f37000-7f3600f3c000 r-xp 00000000 08:05 3679051                    /usr/lib/x86_64-linux-gnu/gtk-2.0/modules/libunity-gtk-module.so
7f3600f3c000-7f360113b000 ---p 00005000 08:05 3679051                    /usr/lib/x86_64-linux-gnu/gtk-2.0/modules/libunity-gtk-module.so
7f360113b000-7f360113c000 r--p 00004000 08:05 3679051                    /usr/lib/x86_64-linux-gnu/gtk-2.0/modules/libunity-gtk-module.so
7f360113c000-7f360113d000 rw-p 00005000 08:05 3679051                    /usr/lib/x86_64-linux-gnu/gtk-2.0/modules/libunity-gtk-module.so
7f360113d000-7f360114e000 r-xp 00000000 08:05 3680358                    /usr/lib/x86_64-linux-gnu/gtk-2.0/modules/liboverlay-scrollbar.so
7f360114e000-7f360134d000 ---p 00011000 08:05 3680358                    /usr/lib/x86_64-linux-gnu/gtk-2.0/modules/liboverlay-scrollbar.so
7f360134d000-7f360134e000 r--p 00010000 08:05 3680358                    /usr/lib/x86_64-linux-gnu/gtk-2.0/modules/liboverlay-scrollbar.so
7f360134e000-7f360134f000 rw-p 00011000 08:05 3680358                    /usr/lib/x86_64-linux-gnu/gtk-2.0/modules/liboverlay-scrollbar.so
7f360134f000-7f3601378000 r-xp 00000000 08:05 1087470                    /usr/lib/jvm/jdk1.8.0_111/jre/lib/amd64/libglass.so
7f3601378000-7f3601577000 ---p 00029000 08:05 1087470                    /usr/lib/jvm/jdk1.8.0_111/jre/lib/amd64/libglass.so
7f3601577000-7f360157a000 rw-p 00028000 08:05 1087470                    /usr/lib/jvm/jdk1.8.0_111/jre/lib/amd64/libglass.so
7f360157a000-7f36015b1000 r-xp 00000000 08:05 3424650                    /usr/lib/x86_64-linux-gnu/libtxc_dxtn_s2tc.so.0.0.0
7f36015b1000-7f36017b0000 ---p 00037000 08:05 3424650                    /usr/lib/x86_64-linux-gnu/libtxc_dxtn_s2tc.so.0.0.0
7f36017b0000-7f36017b1000 r--p 00036000 08:05 3424650                    /usr/lib/x86_64-linux-gnu/libtxc_dxtn_s2tc.so.0.0.0
7f36017b1000-7f36017b2000 rw-p 00037000 08:05 3424650                    /usr/lib/x86_64-linux-gnu/libtxc_dxtn_s2tc.so.0.0.0
7f36017b2000-7f36017ba000 r-xp 00000000 08:05 3424453                    /usr/lib/x86_64-linux-gnu/libpciaccess.so.0.11.1
7f36017ba000-7f36019b9000 ---p 00008000 08:05 3424453                    /usr/lib/x86_64-linux-gnu/libpciaccess.so.0.11.1
7f36019b9000-7f36019ba000 r--p 00007000 08:05 3424453                    /usr/lib/x86_64-linux-gnu/libpciaccess.so.0.11.1
7f36019ba000-7f36019bb000 rw-p 00008000 08:05 3424453                    /usr/lib/x86_64-linux-gnu/libpciaccess.so.0.11.1
7f36019bb000-7f36019c6000 r-xp 00000000 08:05 3415869                    /usr/lib/x86_64-linux-gnu/libdrm_radeon.so.1.0.1
7f36019c6000-7f3601bc5000 ---p 0000b000 08:05 3415869                    /usr/lib/x86_64-linux-gnu/libdrm_radeon.so.1.0.1
7f3601bc5000-7f3601bc6000 r--p 0000a000 08:05 3415869                    /usr/lib/x86_64-linux-gnu/libdrm_radeon.so.1.0.1
7f3601bc6000-7f3601bc7000 rw-p 0000b000 08:05 3415869                    /usr/lib/x86_64-linux-gnu/libdrm_radeon.so.1.0.1
7f3601bc7000-7f3601bce000 r-xp 00000000 08:05 3415873                    /usr/lib/x86_64-linux-gnu/libdrm_nouveau.so.2.0.0
7f3601bce000-7f3601dcd000 ---p 00007000 08:05 3415873                    /usr/lib/x86_64-linux-gnu/libdrm_nouveau.so.2.0.0
7f3601dcd000-7f3601dce000 r--p 00006000 08:05 3415873                    /usr/lib/x86_64-linux-gnu/libdrm_nouveau.so.2.0.0
7f3601dce000-7f3601dcf000 rw-p 00007000 08:05 3415873                    /usr/lib/x86_64-linux-gnu/libdrm_nouveau.so.2.0.0
7f3601dcf000-7f3601def000 r-xp 00000000 08:05 3415865                    /usr/lib/x86_64-linux-gnu/libdrm_intel.so.1.0.0
7f3601def000-7f3601fee000 ---p 00020000 08:05 3415865                    /usr/lib/x86_64-linux-gnu/libdrm_intel.so.1.0.0
7f3601fee000-7f3601fef000 r--p 0001f000 08:05 3415865                    /usr/lib/x86_64-linux-gnu/libdrm_intel.so.1.0.0
7f3601fef000-7f3601ff0000 rw-p 00020000 08:05 3415865                    /usr/lib/x86_64-linux-gnu/libdrm_intel.so.1.0.0
7f3601ff0000-7f36024df000 r-xp 00000000 08:05 3705474                    /usr/lib/x86_64-linux-gnu/dri/i965_dri.so
7f36024df000-7f36026df000 ---p 004ef000 08:05 3705474                    /usr/lib/x86_64-linux-gnu/dri/i965_dri.so
7f36026df000-7f36026f6000 r--p 004ef000 08:05 3705474                    /usr/lib/x86_64-linux-gnu/dri/i965_dri.so
7f36026f6000-7f3602702000 rw-p 00506000 08:05 3705474                    /usr/lib/x86_64-linux-gnu/dri/i965_dri.so
7f3602702000-7f360274e000 rw-p 00000000 00:00 0 
7f360274e000-7f3602792000 r-xp 00000000 08:05 2146915                    /lib/x86_64-linux-gnu/libdbus-1.so.3.7.6
7f3602792000-7f3602991000 ---p 00044000 08:05 2146915                    /lib/x86_64-linux-gnu/libdbus-1.so.3.7.6
7f3602991000-7f3602992000 r--p 00043000 08:05 2146915                    /lib/x86_64-linux-gnu/libdbus-1.so.3.7.6
7f3602992000-7f3602993000 rw-p 00044000 08:05 2146915                    /lib/x86_64-linux-gnu/libdbus-1.so.3.7.6
7f3602993000-7f360299b000 r-xp 00000000 08:05 2105409                    /lib/x86_64-linux-gnu/libnih-dbus.so.1.0.0
7f360299b000-7f3602b9b000 ---p 00008000 08:05 2105409                    /lib/x86_64-linux-gnu/libnih-dbus.so.1.0.0
7f3602b9b000-7f3602b9c000 r--p 00008000 08:05 2105409                    /lib/x86_64-linux-gnu/libnih-dbus.so.1.0.0
7f3602b9c000-7f3602b9d000 rw-p 00009000 08:05 2105409                    /lib/x86_64-linux-gnu/libnih-dbus.so.1.0.0
7f3602b9d000-7f3602bb4000 r-xp 00000000 08:05 2105411                    /lib/x86_64-linux-gnu/libnih.so.1.0.0
7f3602bb4000-7f3602db3000 ---p 00017000 08:05 2105411                    /lib/x86_64-linux-gnu/libnih.so.1.0.0
7f3602db3000-7f3602db4000 r--p 00016000 08:05 2105411                    /lib/x86_64-linux-gnu/libnih.so.1.0.0
7f3602db4000-7f3602db5000 rw-p 00017000 08:05 2105411                    /lib/x86_64-linux-gnu/libnih.so.1.0.0
7f3602db5000-7f3602dce000 r-xp 00000000 08:05 2108677                    /lib/x86_64-linux-gnu/libcgmanager.so.0.0.0
7f3602dce000-7f3602fcd000 ---p 00019000 08:05 2108677                    /lib/x86_64-linux-gnu/libcgmanager.so.0.0.0
7f3602fcd000-7f3602fcf000 r--p 00018000 08:05 2108677                    /lib/x86_64-linux-gnu/libcgmanager.so.0.0.0
7f3602fcf000-7f3602fd0000 rw-p 0001a000 08:05 2108677                    /lib/x86_64-linux-gnu/libcgmanager.so.0.0.0
7f3602fd0000-7f3602fe0000 r-xp 00000000 08:05 2106549                    /lib/x86_64-linux-gnu/libudev.so.1.3.5
7f3602fe0000-7f36031df000 ---p 00010000 08:05 2106549                    /lib/x86_64-linux-gnu/libudev.so.1.3.5
7f36031df000-7f36031e0000 r--p 0000f000 08:05 2106549                    /lib/x86_64-linux-gnu/libudev.so.1.3.5
7f36031e0000-7f36031e1000 rw-p 00010000 08:05 2106549                    /lib/x86_64-linux-gnu/libudev.so.1.3.5
7f36031e1000-7f36031e7000 r-xp 00000000 08:05 3423905                    /usr/lib/x86_64-linux-gnu/libdatrie.so.1.3.1
7f36031e7000-7f36033e6000 ---p 00006000 08:05 3423905                    /usr/lib/x86_64-linux-gnu/libdatrie.so.1.3.1
7f36033e6000-7f36033e7000 r--p 00005000 08:05 3423905                    /usr/lib/x86_64-linux-gnu/libdatrie.so.1.3.1
7f36033e7000-7f36033e8000 rw-p 00006000 08:05 3423905                    /usr/lib/x86_64-linux-gnu/libdatrie.so.1.3.1
7f36033e8000-7f36033ed000 r-xp 00000000 08:05 3423713                    /usr/lib/x86_64-linux-gnu/libXdmcp.so.6.0.0
7f36033ed000-7f36035ec000 ---p 00005000 08:05 3423713                    /usr/lib/x86_64-linux-gnu/libXdmcp.so.6.0.0
7f36035ec000-7f36035ed000 r--p 00004000 08:05 3423713                    /usr/lib/x86_64-linux-gnu/libXdmcp.so.6.0.0
7f36035ed000-7f36035ee000 rw-p 00005000 08:05 3423713                    /usr/lib/x86_64-linux-gnu/libXdmcp.so.6.0.0
7f36035ee000-7f36035f0000 r-xp 00000000 08:05 3423702                    /usr/lib/x86_64-linux-gnu/libXau.so.6.0.0
7f36035f0000-7f36037f0000 ---p 00002000 08:05 3423702                    /usr/lib/x86_64-linux-gnu/libXau.so.6.0.0
7f36037f0000-7f36037f1000 r--p 00002000 08:05 3423702                    /usr/lib/x86_64-linux-gnu/libXau.so.6.0.0
7f36037f1000-7f36037f2000 rw-p 00003000 08:05 3423702                    /usr/lib/x86_64-linux-gnu/libXau.so.6.0.0
7f36037f2000-7f3603816000 r-xp 00000000 08:05 3415202                    /usr/lib/x86_64-linux-gnu/libgraphite2.so.3.0.1
7f3603816000-7f3603a15000 ---p 00024000 08:05 3415202                    /usr/lib/x86_64-linux-gnu/libgraphite2.so.3.0.1
7f3603a15000-7f3603a17000 r--p 00023000 08:05 3415202                    /usr/lib/x86_64-linux-gnu/libgraphite2.so.3.0.1
7f3603a17000-7f3603a18000 rw-p 00025000 08:05 3415202                    /usr/lib/x86_64-linux-gnu/libgraphite2.so.3.0.1
7f3603a18000-7f3603a25000 r-xp 00000000 08:05 3418788                    /usr/lib/x86_64-linux-gnu/libdrm.so.2.4.0
7f3603a25000-7f3603c24000 ---p 0000d000 08:05 3418788                    /usr/lib/x86_64-linux-gnu/libdrm.so.2.4.0
7f3603c24000-7f3603c25000 r--p 0000c000 08:05 3418788                    /usr/lib/x86_64-linux-gnu/libdrm.so.2.4.0
7f3603c25000-7f3603c26000 rw-p 0000d000 08:05 3418788                    /usr/lib/x86_64-linux-gnu/libdrm.so.2.4.0
7f3603c26000-7f3603c27000 r-xp 00000000 08:05 3424782                    /usr/lib/x86_64-linux-gnu/libxshmfence.so.1.0.0
7f3603c27000-7f3603e26000 ---p 00001000 08:05 3424782                    /usr/lib/x86_64-linux-gnu/libxshmfence.so.1.0.0
7f3603e26000-7f3603e27000 r--p 00000000 08:05 3424782                    /usr/lib/x86_64-linux-gnu/libxshmfence.so.1.0.0
7f3603e27000-7f3603e28000 rw-p 00001000 08:05 3424782                    /usr/lib/x86_64-linux-gnu/libxshmfence.so.1.0.0
7f3603e28000-7f3603e2d000 r-xp 00000000 08:05 3424764                    /usr/lib/x86_64-linux-gnu/libxcb-sync.so.1.0.0
7f3603e2d000-7f360402c000 ---p 00005000 08:05 3424764                    /usr/lib/x86_64-linux-gnu/libxcb-sync.so.1.0.0
7f360402c000-7f360402d000 r--p 00004000 08:05 3424764                    /usr/lib/x86_64-linux-gnu/libxcb-sync.so.1.0.0
7f360402d000-7f360402e000 rw-p 00005000 08:05 3424764                    /usr/lib/x86_64-linux-gnu/libxcb-sync.so.1.0.0
7f360402e000-7f3604030000 r-xp 00000000 08:05 3424752                    /usr/lib/x86_64-linux-gnu/libxcb-present.so.0.0.0
7f3604030000-7f360422f000 ---p 00002000 08:05 3424752                    /usr/lib/x86_64-linux-gnu/libxcb-present.so.0.0.0
7f360422f000-7f3604230000 r--p 00001000 08:05 3424752                    /usr/lib/x86_64-linux-gnu/libxcb-present.so.0.0.0
7f3604230000-7f3604231000 rw-p 00002000 08:05 3424752                    /usr/lib/x86_64-linux-gnu/libxcb-present.so.0.0.0
7f3604231000-7f3604233000 r-xp 00000000 08:05 3424742                    /usr/lib/x86_64-linux-gnu/libxcb-dri3.so.0.0.0
7f3604233000-7f3604432000 ---p 00002000 08:05 3424742                    /usr/lib/x86_64-linux-gnu/libxcb-dri3.so.0.0.0
7f3604432000-7f3604433000 r--p 00001000 08:05 3424742                    /usr/lib/x86_64-linux-gnu/libxcb-dri3.so.0.0.0
7f3604433000-7f3604434000 rw-p 00002000 08:05 3424742                    /usr/lib/x86_64-linux-gnu/libxcb-dri3.so.0.0.0
7f3604434000-7f3604437000 r-xp 00000000 08:05 3424740                    /usr/lib/x86_64-linux-gnu/libxcb-dri2.so.0.0.0
7f3604437000-7f3604637000 ---p 00003000 08:05 3424740                    /usr/lib/x86_64-linux-gnu/libxcb-dri2.so.0.0.0
7f3604637000-7f3604638000 r--p 00003000 08:05 3424740                    /usr/lib/x86_64-linux-gnu/libxcb-dri2.so.0.0.0
7f3604638000-7f3604639000 rw-p 00004000 08:05 3424740                    /usr/lib/x86_64-linux-gnu/libxcb-dri2.so.0.0.0
7f3604639000-7f360464e000 r-xp 00000000 08:05 3424744                    /usr/lib/x86_64-linux-gnu/libxcb-glx.so.0.0.0
7f360464e000-7f360484d000 ---p 00015000 08:05 3424744                    /usr/lib/x86_64-linux-gnu/libxcb-glx.so.0.0.0
7f360484d000-7f360484f000 r--p 00014000 08:05 3424744                    /usr/lib/x86_64-linux-gnu/libxcb-glx.so.0.0.0
7f360484f000-7f3604850000 rw-p 00016000 08:05 3424744                    /usr/lib/x86_64-linux-gnu/libxcb-glx.so.0.0.0
7f3604850000-7f3604851000 r-xp 00000000 08:05 3423696                    /usr/lib/x86_64-linux-gnu/libX11-xcb.so.1.0.0
7f3604851000-7f3604a50000 ---p 00001000 08:05 3423696                    /usr/lib/x86_64-linux-gnu/libX11-xcb.so.1.0.0
7f3604a50000-7f3604a51000 r--p 00000000 08:05 3423696                    /usr/lib/x86_64-linux-gnu/libX11-xcb.so.1.0.0
7f3604a51000-7f3604a52000 rw-p 00001000 08:05 3423696                    /usr/lib/x86_64-linux-gnu/libX11-xcb.so.1.0.0
7f3604a52000-7f3604a74000 r-xp 00000000 08:05 3416756                    /usr/lib/x86_64-linux-gnu/libglapi.so.0.0.0
7f3604a74000-7f3604c74000 ---p 00022000 08:05 3416756                    /usr/lib/x86_64-linux-gnu/libglapi.so.0.0.0
7f3604c74000-7f3604c77000 r--p 00022000 08:05 3416756                    /usr/lib/x86_64-linux-gnu/libglapi.so.0.0.0
7f3604c77000-7f3604c78000 rw-p 00025000 08:05 3416756                    /usr/lib/x86_64-linux-gnu/libglapi.so.0.0.0
7f3604c78000-7f3604c79000 rw-p 00000000 00:00 0 
7f3604c79000-7f3604cb6000 r-xp 00000000 08:05 2132077                    /lib/x86_64-linux-gnu/libpcre.so.3.13.1
7f3604cb6000-7f3604eb5000 ---p 0003d000 08:05 2132077                    /lib/x86_64-linux-gnu/libpcre.so.3.13.1
7f3604eb5000-7f3604eb6000 r--p 0003c000 08:05 2132077                    /lib/x86_64-linux-gnu/libpcre.so.3.13.1
7f3604eb6000-7f3604eb7000 rw-p 0003d000 08:05 2132077                    /lib/x86_64-linux-gnu/libpcre.so.3.13.1
7f3604eb7000-7f3604ebe000 r-xp 00000000 08:05 3415118                    /usr/lib/x86_64-linux-gnu/libffi.so.6.0.1
7f3604ebe000-7f36050bd000 ---p 00007000 08:05 3415118                    /usr/lib/x86_64-linux-gnu/libffi.so.6.0.1
7f36050bd000-7f36050be000 r--p 00006000 08:05 3415118                    /usr/lib/x86_64-linux-gnu/libffi.so.6.0.1
7f36050be000-7f36050bf000 rw-p 00007000 08:05 3415118                    /usr/lib/x86_64-linux-gnu/libffi.so.6.0.1
7f36050bf000-7f36050e6000 r-xp 00000000 08:05 2101338                    /lib/x86_64-linux-gnu/libexpat.so.1.6.0
7f36050e6000-7f36052e6000 ---p 00027000 08:05 2101338                    /lib/x86_64-linux-gnu/libexpat.so.1.6.0
7f36052e6000-7f36052e8000 r--p 00027000 08:05 2101338                    /lib/x86_64-linux-gnu/libexpat.so.1.6.0
7f36052e8000-7f36052e9000 rw-p 00029000 08:05 2101338                    /lib/x86_64-linux-gnu/libexpat.so.1.6.0
7f36052e9000-7f36052f1000 r-xp 00000000 08:05 3424630                    /usr/lib/x86_64-linux-gnu/libthai.so.0.2.0
7f36052f1000-7f36054f0000 ---p 00008000 08:05 3424630                    /usr/lib/x86_64-linux-gnu/libthai.so.0.2.0
7f36054f0000-7f36054f1000 r--p 00007000 08:05 3424630                    /usr/lib/x86_64-linux-gnu/libthai.so.0.2.0
7f36054f1000-7f36054f2000 rw-p 00008000 08:05 3424630                    /usr/lib/x86_64-linux-gnu/libthai.so.0.2.0
7f36054f2000-7f360550f000 r-xp 00000000 08:05 3424772                    /usr/lib/x86_64-linux-gnu/libxcb.so.1.1.0
7f360550f000-7f360570f000 ---p 0001d000 08:05 3424772                    /usr/lib/x86_64-linux-gnu/libxcb.so.1.1.0
7f360570f000-7f3605710000 r--p 0001d000 08:05 3424772                    /usr/lib/x86_64-linux-gnu/libxcb.so.1.1.0
7f3605710000-7f3605711000 rw-p 0001e000 08:05 3424772                    /usr/lib/x86_64-linux-gnu/libxcb.so.1.1.0
7f3605711000-7f3605719000 r-xp 00000000 08:05 3424758                    /usr/lib/x86_64-linux-gnu/libxcb-render.so.0.0.0
7f3605719000-7f3605918000 ---p 00008000 08:05 3424758                    /usr/lib/x86_64-linux-gnu/libxcb-render.so.0.0.0
7f3605918000-7f3605919000 r--p 00007000 08:05 3424758                    /usr/lib/x86_64-linux-gnu/libxcb-render.so.0.0.0
7f3605919000-7f360591a000 rw-p 00008000 08:05 3424758                    /usr/lib/x86_64-linux-gnu/libxcb-render.so.0.0.0
7f360591a000-7f360591c000 r-xp 00000000 08:05 3424762                    /usr/lib/x86_64-linux-gnu/libxcb-shm.so.0.0.0
7f360591c000-7f3605b1b000 ---p 00002000 08:05 3424762                    /usr/lib/x86_64-linux-gnu/libxcb-shm.so.0.0.0
7f3605b1b000-7f3605b1c000 r--p 00001000 08:05 3424762                    /usr/lib/x86_64-linux-gnu/libxcb-shm.so.0.0.0
7f3605b1c000-7f3605b1d000 rw-p 00002000 08:05 3424762                    /usr/lib/x86_64-linux-gnu/libxcb-shm.so.0.0.0
7f3605b1d000-7f3605b42000 r-xp 00000000 08:05 2123445                    /lib/x86_64-linux-gnu/libpng12.so.0.50.0
7f3605b42000-7f3605d41000 ---p 00025000 08:05 2123445                    /lib/x86_64-linux-gnu/libpng12.so.0.50.0
7f3605d41000-7f3605d42000 r--p 00024000 08:05 2123445                    /lib/x86_64-linux-gnu/libpng12.so.0.50.0
7f3605d42000-7f3605d43000 rw-p 00025000 08:05 2123445                    /lib/x86_64-linux-gnu/libpng12.so.0.50.0
7f3605d43000-7f3605de3000 r-xp 00000000 08:05 3414701                    /usr/lib/x86_64-linux-gnu/libpixman-1.so.0.30.2
7f3605de3000-7f3605fe3000 ---p 000a0000 08:05 3414701                    /usr/lib/x86_64-linux-gnu/libpixman-1.so.0.30.2
7f3605fe3000-7f3605fea000 r--p 000a0000 08:05 3414701                    /usr/lib/x86_64-linux-gnu/libpixman-1.so.0.30.2
7f3605fea000-7f3605feb000 rw-p 000a7000 08:05 3414701                    /usr/lib/x86_64-linux-gnu/libpixman-1.so.0.30.2
7f3605feb000-7f360603e000 r-xp 00000000 08:05 3414567                    /usr/lib/x86_64-linux-gnu/libharfbuzz.so.0.927.0
7f360603e000-7f360623e000 ---p 00053000 08:05 3414567                    /usr/lib/x86_64-linux-gnu/libharfbuzz.so.0.927.0
7f360623e000-7f360623f000 r--p 00053000 08:05 3414567                    /usr/lib/x86_64-linux-gnu/libharfbuzz.so.0.927.0
7f360623f000-7f3606240000 rw-p 00054000 08:05 3414567                    /usr/lib/x86_64-linux-gnu/libharfbuzz.so.0.927.0
7f3606240000-7f3606257000 r-xp 00000000 08:05 2161727                    /lib/x86_64-linux-gnu/libresolv-2.19.so
7f3606257000-7f3606457000 ---p 00017000 08:05 2161727                    /lib/x86_64-linux-gnu/libresolv-2.19.so
7f3606457000-7f3606458000 r--p 00017000 08:05 2161727                    /lib/x86_64-linux-gnu/libresolv-2.19.so
7f3606458000-7f3606459000 rw-p 00018000 08:05 2161727                    /lib/x86_64-linux-gnu/libresolv-2.19.so
7f3606459000-7f360645b000 rw-p 00000000 00:00 0 
7f360645b000-7f360647b000 r-xp 00000000 08:05 2105477                    /lib/x86_64-linux-gnu/libselinux.so.1
7f360647b000-7f360667a000 ---p 00020000 08:05 2105477                    /lib/x86_64-linux-gnu/libselinux.so.1
7f360667a000-7f360667b000 r--p 0001f000 08:05 2105477                    /lib/x86_64-linux-gnu/libselinux.so.1
7f360667b000-7f360667c000 rw-p 00020000 08:05 2105477                    /lib/x86_64-linux-gnu/libselinux.so.1
7f360667c000-7f360667e000 rw-p 00000000 00:00 0 
7f360667e000-7f3606696000 r-xp 00000000 08:05 2105510                    /lib/x86_64-linux-gnu/libz.so.1.2.8
7f3606696000-7f3606895000 ---p 00018000 08:05 2105510                    /lib/x86_64-linux-gnu/libz.so.1.2.8
7f3606895000-7f3606896000 r--p 00017000 08:05 2105510                    /lib/x86_64-linux-gnu/libz.so.1.2.8
7f3606896000-7f3606897000 rw-p 00018000 08:05 2105510                    /lib/x86_64-linux-gnu/libz.so.1.2.8
7f3606897000-7f36068a8000 r-xp 00000000 08:05 3418625                    /usr/lib/x86_64-linux-gnu/libXext.so.6.4.0
7f36068a8000-7f3606aa7000 ---p 00011000 08:05 3418625                    /usr/lib/x86_64-linux-gnu/libXext.so.6.4.0
7f3606aa7000-7f3606aa8000 r--p 00010000 08:05 3418625                    /usr/lib/x86_64-linux-gnu/libXext.so.6.4.0
7f3606aa8000-7f3606aa9000 rw-p 00011000 08:05 3418625                    /usr/lib/x86_64-linux-gnu/libXext.so.6.4.0
7f3606aa9000-7f3606aab000 r-xp 00000000 08:05 3423711                    /usr/lib/x86_64-linux-gnu/libXdamage.so.1.1.0
7f3606aab000-7f3606caa000 ---p 00002000 08:05 3423711                    /usr/lib/x86_64-linux-gnu/libXdamage.so.1.1.0
7f3606caa000-7f3606cab000 r--p 00001000 08:05 3423711                    /usr/lib/x86_64-linux-gnu/libXdamage.so.1.1.0
7f3606cab000-7f3606cac000 rw-p 00002000 08:05 3423711                    /usr/lib/x86_64-linux-gnu/libXdamage.so.1.1.0
7f3606cac000-7f3606cae000 r-xp 00000000 08:05 3423707                    /usr/lib/x86_64-linux-gnu/libXcomposite.so.1.0.0
7f3606cae000-7f3606ead000 ---p 00002000 08:05 3423707                    /usr/lib/x86_64-linux-gnu/libXcomposite.so.1.0.0
7f3606ead000-7f3606eae000 r--p 00001000 08:05 3423707                    /usr/lib/x86_64-linux-gnu/libXcomposite.so.1.0.0
7f3606eae000-7f3606eaf000 rw-p 00002000 08:05 3423707                    /usr/lib/x86_64-linux-gnu/libXcomposite.so.1.0.0
7f3606eaf000-7f3606eb8000 r-xp 00000000 08:05 3423709                    /usr/lib/x86_64-linux-gnu/libXcursor.so.1.0.2
7f3606eb8000-7f36070b7000 ---p 00009000 08:05 3423709                    /usr/lib/x86_64-linux-gnu/libXcursor.so.1.0.2
7f36070b7000-7f36070b8000 r--p 00008000 08:05 3423709                    /usr/lib/x86_64-linux-gnu/libXcursor.so.1.0.2
7f36070b8000-7f36070b9000 rw-p 00009000 08:05 3423709                    /usr/lib/x86_64-linux-gnu/libXcursor.so.1.0.2
7f36070b9000-7f36070c2000 r-xp 00000000 08:05 3423813                    /usr/lib/x86_64-linux-gnu/libXrandr.so.2.2.0
7f36070c2000-7f36072c1000 ---p 00009000 08:05 3423813                    /usr/lib/x86_64-linux-gnu/libXrandr.so.2.2.0
7f36072c1000-7f36072c2000 r--p 00008000 08:05 3423813                    /usr/lib/x86_64-linux-gnu/libXrandr.so.2.2.0
7f36072c2000-7f36072c3000 rw-p 00009000 08:05 3423813                    /usr/lib/x86_64-linux-gnu/libXrandr.so.2.2.0
7f36072c3000-7f36072d2000 r-xp 00000000 08:05 3416607                    /usr/lib/x86_64-linux-gnu/libXi.so.6.1.0
7f36072d2000-7f36074d1000 ---p 0000f000 08:05 3416607                    /usr/lib/x86_64-linux-gnu/libXi.so.6.1.0
7f36074d1000-7f36074d2000 r--p 0000e000 08:05 3416607                    /usr/lib/x86_64-linux-gnu/libXi.so.6.1.0
7f36074d2000-7f36074d3000 rw-p 0000f000 08:05 3416607                    /usr/lib/x86_64-linux-gnu/libXi.so.6.1.0
7f36074d3000-7f36074d5000 r-xp 00000000 08:05 3423725                    /usr/lib/x86_64-linux-gnu/libXinerama.so.1.0.0
7f36074d5000-7f36076d4000 ---p 00002000 08:05 3423725                    /usr/lib/x86_64-linux-gnu/libXinerama.so.1.0.0
7f36076d4000-7f36076d5000 r--p 00001000 08:05 3423725                    /usr/lib/x86_64-linux-gnu/libXinerama.so.1.0.0
7f36076d5000-7f36076d6000 rw-p 00002000 08:05 3423725                    /usr/lib/x86_64-linux-gnu/libXinerama.so.1.0.0
7f36076d6000-7f36076df000 r-xp 00000000 08:05 3418686                    /usr/lib/x86_64-linux-gnu/libXrender.so.1.3.0
7f36076df000-7f36078de000 ---p 00009000 08:05 3418686                    /usr/lib/x86_64-linux-gnu/libXrender.so.1.3.0
7f36078de000-7f36078df000 r--p 00008000 08:05 3418686                    /usr/lib/x86_64-linux-gnu/libXrender.so.1.3.0
7f36078df000-7f36078e0000 rw-p 00009000 08:05 3418686                    /usr/lib/x86_64-linux-gnu/libXrender.so.1.3.0
7f36078e0000-7f36078e5000 r-xp 00000000 08:05 3418683                    /usr/lib/x86_64-linux-gnu/libXfixes.so.3.1.0
7f36078e5000-7f3607ae4000 ---p 00005000 08:05 3418683                    /usr/lib/x86_64-linux-gnu/libXfixes.so.3.1.0
7f3607ae4000-7f3607ae5000 r--p 00004000 08:05 3418683                    /usr/lib/x86_64-linux-gnu/libXfixes.so.3.1.0
7f3607ae5000-7f3607ae6000 rw-p 00005000 08:05 3418683                    /usr/lib/x86_64-linux-gnu/libXfixes.so.3.1.0
7f3607ae6000-7f3607afc000 r-xp 00000000 08:05 2106560                    /lib/x86_64-linux-gnu/libgcc_s.so.1
7f3607afc000-7f3607cfb000 ---p 00016000 08:05 2106560                    /lib/x86_64-linux-gnu/libgcc_s.so.1
7f3607cfb000-7f3607cfc000 rw-p 00015000 08:05 2106560                    /lib/x86_64-linux-gnu/libgcc_s.so.1
7f3607cfc000-7f3607de2000 r-xp 00000000 08:05 3418780                    /usr/lib/x86_64-linux-gnu/libstdc++.so.6.0.19
7f3607de2000-7f3607fe1000 ---p 000e6000 08:05 3418780                    /usr/lib/x86_64-linux-gnu/libstdc++.so.6.0.19
7f3607fe1000-7f3607fe9000 r--p 000e5000 08:05 3418780                    /usr/lib/x86_64-linux-gnu/libstdc++.so.6.0.19
7f3607fe9000-7f3607feb000 rw-p 000ed000 08:05 3418780                    /usr/lib/x86_64-linux-gnu/libstdc++.so.6.0.19
7f3607feb000-7f3608000000 rw-p 00000000 00:00 0 
7f3608000000-7f3608108000 rw-p 00000000 00:00 0 
7f3608108000-7f360c000000 ---p 00000000 00:00 0 
7f360c000000-7f360da05000 rw-p 00000000 00:00 0 
7f360da05000-7f3610000000 ---p 00000000 00:00 0 
7f3610000000-7f3610021000 rw-p 00000000 00:00 0 
7f3610021000-7f3614000000 ---p 00000000 00:00 0 
7f3614000000-7f3614021000 rw-p 00000000 00:00 0 
7f3614021000-7f3618000000 ---p 00000000 00:00 0 
7f3618000000-7f3618268000 rw-p 00000000 00:00 0 
7f3618268000-7f361c000000 ---p 00000000 00:00 0 
7f361c000000-7f361c021000 rw-p 00000000 00:00 0 
7f361c021000-7f3620000000 ---p 00000000 00:00 0 
7f3620000000-7f36201a2000 rw-p 00000000 00:00 0 
7f36201a2000-7f3624000000 ---p 00000000 00:00 0 
7f3624000000-7f3624021000 rw-p 00000000 00:00 0 
7f3624021000-7f3628000000 ---p 00000000 00:00 0 
7f3628000000-7f3628001000 r--s 00000000 08:05 2690512                    /var/cache/fontconfig/4794a0821666d79190d59a36cb4f44b5-le64.cache-4
7f3628001000-7f3628002000 r--s 00000000 08:05 2637721                    /var/cache/fontconfig/56cf4f4769d0f4abc89a4895d7bd3ae1-le64.cache-4
7f3628002000-7f3628003000 r--s 00000000 08:05 2637711                    /var/cache/fontconfig/b9d506c9ac06c20b433354fa67a72993-le64.cache-4
7f3628003000-7f3628006000 r--s 00000000 08:05 2678731                    /var/cache/fontconfig/e49e89034d371f0f9de17aab02136486-le64.cache-4
7f3628006000-7f3628008000 r--s 00000000 08:05 2678730                    /var/cache/fontconfig/4b14b093aebc79c320de5e86ae1d3314-le64.cache-4
7f3628008000-7f362800a000 r--s 00000000 08:05 2637703                    /var/cache/fontconfig/ec648e9a1aea82bddd4bd6050028158d-le64.cache-4
7f362800a000-7f362800b000 r--s 00000000 08:05 2637700                    /var/cache/fontconfig/0c9eb80ebd1c36541ebe2852d3bb0c49-le64.cache-4
7f362800b000-7f362802c000 r--s 00000000 08:05 2637467                    /var/cache/fontconfig/e13b20fdb08344e0e664864cc2ede53d-le64.cache-4
7f362802c000-7f3628031000 r--s 00000000 08:05 2678729                    /var/cache/fontconfig/7ef2298fde41cc6eeb7af42e48b7d293-le64.cache-4
7f3628031000-7f3628033000 r--s 00000000 08:05 2690515                    /var/cache/fontconfig/16326683038b281783a0ef8c680e3a10-le64.cache-4
7f3628033000-7f3628040000 r--s 00000000 08:05 2690514                    /var/cache/fontconfig/8f02d4cb045bd6ce15663e43f347c9f8-le64.cache-4
7f3628040000-7f362805e000 r--s 00000000 08:05 2680655                    /var/cache/fontconfig/467c019e582ee353435ea5c21d137ef6-le64.cache-4
7f362805e000-7f362809f000 r--p 00000000 08:05 3815435                    /usr/share/glib-2.0/schemas/gschemas.compiled
7f362809f000-7f36280bf000 r--p 00000000 08:05 3945170                    /usr/share/locale-langpack/ru/LC_MESSAGES/glib20.mo
7f36280bf000-7f36280f5000 r--p 00000000 08:05 3945084                    /usr/share/locale-langpack/ru/LC_MESSAGES/gtk20-properties.mo
7f36280f5000-7f3628124000 r--p 00000000 08:05 3945334                    /usr/share/locale-langpack/ru/LC_MESSAGES/libc.mo
7f3628124000-7f3628186000 r-xp 00000000 08:05 3679775                    /usr/lib/x86_64-linux-gnu/mesa/libGL.so.1.2.0
7f3628186000-7f3628385000 ---p 00062000 08:05 3679775                    /usr/lib/x86_64-linux-gnu/mesa/libGL.so.1.2.0
7f3628385000-7f3628388000 r--p 00061000 08:05 3679775                    /usr/lib/x86_64-linux-gnu/mesa/libGL.so.1.2.0
7f3628388000-7f3628389000 rw-p 00064000 08:05 3679775                    /usr/lib/x86_64-linux-gnu/mesa/libGL.so.1.2.0
7f3628389000-7f362838a000 rw-p 00000000 00:00 0 
7f362838a000-7f362838e000 r-xp 00000000 08:05 3423753                    /usr/lib/x86_64-linux-gnu/libXxf86vm.so.1.0.0
7f362838e000-7f362858e000 ---p 00004000 08:05 3423753                    /usr/lib/x86_64-linux-gnu/libXxf86vm.so.1.0.0
7f362858e000-7f362858f000 r--p 00004000 08:05 3423753                    /usr/lib/x86_64-linux-gnu/libXxf86vm.so.1.0.0
7f362858f000-7f3628590000 rw-p 00005000 08:05 3423753                    /usr/lib/x86_64-linux-gnu/libXxf86vm.so.1.0.0
7f3628590000-7f36286c0000 r-xp 00000000 08:05 3423698                    /usr/lib/x86_64-linux-gnu/libX11.so.6.3.0
7f36286c0000-7f36288c0000 ---p 00130000 08:05 3423698                    /usr/lib/x86_64-linux-gnu/libX11.so.6.3.0
7f36288c0000-7f36288c1000 r--p 00130000 08:05 3423698                    /usr/lib/x86_64-linux-gnu/libX11.so.6.3.0
7f36288c1000-7f36288c5000 rw-p 00131000 08:05 3423698                    /usr/lib/x86_64-linux-gnu/libX11.so.6.3.0
7f36288c5000-7f36288ca000 r-xp 00000000 08:05 3423743                    /usr/lib/x86_64-linux-gnu/libXtst.so.6.1.0
7f36288ca000-7f3628ac9000 ---p 00005000 08:05 3423743                    /usr/lib/x86_64-linux-gnu/libXtst.so.6.1.0
7f3628ac9000-7f3628aca000 r--p 00004000 08:05 3423743                    /usr/lib/x86_64-linux-gnu/libXtst.so.6.1.0
7f3628aca000-7f3628acb000 rw-p 00005000 08:05 3423743                    /usr/lib/x86_64-linux-gnu/libXtst.so.6.1.0
7f3628acb000-7f3628bd1000 r-xp 00000000 08:05 2105292                    /lib/x86_64-linux-gnu/libglib-2.0.so.0.4002.0
7f3628bd1000-7f3628dd0000 ---p 00106000 08:05 2105292                    /lib/x86_64-linux-gnu/libglib-2.0.so.0.4002.0
7f3628dd0000-7f3628dd1000 r--p 00105000 08:05 2105292                    /lib/x86_64-linux-gnu/libglib-2.0.so.0.4002.0
7f3628dd1000-7f3628dd2000 rw-p 00106000 08:05 2105292                    /lib/x86_64-linux-gnu/libglib-2.0.so.0.4002.0
7f3628dd2000-7f3628dd3000 rw-p 00000000 00:00 0 
7f3628dd3000-7f3628dd4000 r-xp 00000000 08:05 3414913                    /usr/lib/x86_64-linux-gnu/libgthread-2.0.so.0.4002.0
7f3628dd4000-7f3628fd3000 ---p 00001000 08:05 3414913                    /usr/lib/x86_64-linux-gnu/libgthread-2.0.so.0.4002.0
7f3628fd3000-7f3628fd4000 r--p 00000000 08:05 3414913                    /usr/lib/x86_64-linux-gnu/libgthread-2.0.so.0.4002.0
7f3628fd4000-7f3628fd5000 rw-p 00001000 08:05 3414913                    /usr/lib/x86_64-linux-gnu/libgthread-2.0.so.0.4002.0
7f3628fd5000-7f3628fd8000 r-xp 00000000 08:05 3414892                    /usr/lib/x86_64-linux-gnu/libgmodule-2.0.so.0.4002.0
7f3628fd8000-7f36291d7000 ---p 00003000 08:05 3414892                    /usr/lib/x86_64-linux-gnu/libgmodule-2.0.so.0.4002.0
7f36291d7000-7f36291d8000 r--p 00002000 08:05 3414892                    /usr/lib/x86_64-linux-gnu/libgmodule-2.0.so.0.4002.0
7f36291d8000-7f36291d9000 rw-p 00003000 08:05 3414892                    /usr/lib/x86_64-linux-gnu/libgmodule-2.0.so.0.4002.0
7f36291d9000-7f3629228000 r-xp 00000000 08:05 3414910                    /usr/lib/x86_64-linux-gnu/libgobject-2.0.so.0.4002.0
7f3629228000-7f3629428000 ---p 0004f000 08:05 3414910                    /usr/lib/x86_64-linux-gnu/libgobject-2.0.so.0.4002.0
7f3629428000-7f3629429000 r--p 0004f000 08:05 3414910                    /usr/lib/x86_64-linux-gnu/libgobject-2.0.so.0.4002.0
7f3629429000-7f362942a000 rw-p 00050000 08:05 3414910                    /usr/lib/x86_64-linux-gnu/libgobject-2.0.so.0.4002.0
7f362942a000-7f3629464000 r-xp 00000000 08:05 3415323                    /usr/lib/x86_64-linux-gnu/libfontconfig.so.1.8.0
7f3629464000-7f3629663000 ---p 0003a000 08:05 3415323                    /usr/lib/x86_64-linux-gnu/libfontconfig.so.1.8.0
7f3629663000-7f3629665000 r--p 00039000 08:05 3415323                    /usr/lib/x86_64-linux-gnu/libfontconfig.so.1.8.0
7f3629665000-7f3629666000 rw-p 0003b000 08:05 3415323                    /usr/lib/x86_64-linux-gnu/libfontconfig.so.1.8.0
7f3629666000-7f3629703000 r-xp 00000000 08:05 3414766                    /usr/lib/x86_64-linux-gnu/libfreetype.so.6.11.1
7f3629703000-7f3629902000 ---p 0009d000 08:05 3414766                    /usr/lib/x86_64-linux-gnu/libfreetype.so.6.11.1
7f3629902000-7f3629908000 r--p 0009c000 08:05 3414766                    /usr/lib/x86_64-linux-gnu/libfreetype.so.6.11.1
7f3629908000-7f3629909000 rw-p 000a2000 08:05 3414766                    /usr/lib/x86_64-linux-gnu/libfreetype.so.6.11.1
7f3629909000-7f3629953000 r-xp 00000000 08:05 3416767                    /usr/lib/x86_64-linux-gnu/libpango-1.0.so.0.3600.3
7f3629953000-7f3629b53000 ---p 0004a000 08:05 3416767                    /usr/lib/x86_64-linux-gnu/libpango-1.0.so.0.3600.3
7f3629b53000-7f3629b55000 r--p 0004a000 08:05 3416767                    /usr/lib/x86_64-linux-gnu/libpango-1.0.so.0.3600.3
7f3629b55000-7f3629b56000 rw-p 0004c000 08:05 3416767                    /usr/lib/x86_64-linux-gnu/libpango-1.0.so.0.3600.3
7f3629b56000-7f3629c5c000 r-xp 00000000 08:05 3416622                    /usr/lib/x86_64-linux-gnu/libcairo.so.2.11301.0
7f3629c5c000-7f3629e5b000 ---p 00106000 08:05 3416622                    /usr/lib/x86_64-linux-gnu/libcairo.so.2.11301.0
7f3629e5b000-7f3629e5e000 r--p 00105000 08:05 3416622                    /usr/lib/x86_64-linux-gnu/libcairo.so.2.11301.0
7f3629e5e000-7f3629e5f000 rw-p 00108000 08:05 3416622                    /usr/lib/x86_64-linux-gnu/libcairo.so.2.11301.0
7f3629e5f000-7f3629e61000 rw-p 00000000 00:00 0 
7f3629e61000-7f3629e6c000 r-xp 00000000 08:05 3416765                    /usr/lib/x86_64-linux-gnu/libpangocairo-1.0.so.0.3600.3
7f3629e6c000-7f362a06c000 ---p 0000b000 08:05 3416765                    /usr/lib/x86_64-linux-gnu/libpangocairo-1.0.so.0.3600.3
7f362a06c000-7f362a06d000 r--p 0000b000 08:05 3416765                    /usr/lib/x86_64-linux-gnu/libpangocairo-1.0.so.0.3600.3
7f362a06d000-7f362a06e000 rw-p 0000c000 08:05 3416765                    /usr/lib/x86_64-linux-gnu/libpangocairo-1.0.so.0.3600.3
7f362a06e000-7f362a08e000 r-xp 00000000 08:05 3535474                    /usr/lib/x86_64-linux-gnu/libgdk_pixbuf-2.0.so.0.3000.7
7f362a08e000-7f362a28d000 ---p 00020000 08:05 3535474                    /usr/lib/x86_64-linux-gnu/libgdk_pixbuf-2.0.so.0.3000.7
7f362a28d000-7f362a28e000 r--p 0001f000 08:05 3535474                    /usr/lib/x86_64-linux-gnu/libgdk_pixbuf-2.0.so.0.3000.7
7f362a28e000-7f362a28f000 rw-p 00020000 08:05 3535474                    /usr/lib/x86_64-linux-gnu/libgdk_pixbuf-2.0.so.0.3000.7
7f362a28f000-7f362a2a3000 r-xp 00000000 08:05 3416769                    /usr/lib/x86_64-linux-gnu/libpangoft2-1.0.so.0.3600.3
7f362a2a3000-7f362a4a2000 ---p 00014000 08:05 3416769                    /usr/lib/x86_64-linux-gnu/libpangoft2-1.0.so.0.3600.3
7f362a4a2000-7f362a4a3000 r--p 00013000 08:05 3416769                    /usr/lib/x86_64-linux-gnu/libpangoft2-1.0.so.0.3600.3
7f362a4a3000-7f362a4a4000 rw-p 00014000 08:05 3416769                    /usr/lib/x86_64-linux-gnu/libpangoft2-1.0.so.0.3600.3
7f362a4a4000-7f362a610000 r-xp 00000000 08:05 3414914                    /usr/lib/x86_64-linux-gnu/libgio-2.0.so.0.4002.0
7f362a610000-7f362a80f000 ---p 0016c000 08:05 3414914                    /usr/lib/x86_64-linux-gnu/libgio-2.0.so.0.4002.0
7f362a80f000-7f362a813000 r--p 0016b000 08:05 3414914                    /usr/lib/x86_64-linux-gnu/libgio-2.0.so.0.4002.0
7f362a813000-7f362a815000 rw-p 0016f000 08:05 3414914                    /usr/lib/x86_64-linux-gnu/libgio-2.0.so.0.4002.0
7f362a815000-7f362a817000 rw-p 00000000 00:00 0 
7f362a817000-7f362a836000 r-xp 00000000 08:05 3423794                    /usr/lib/x86_64-linux-gnu/libatk-1.0.so.0.21009.1
7f362a836000-7f362aa36000 ---p 0001f000 08:05 3423794                    /usr/lib/x86_64-linux-gnu/libatk-1.0.so.0.21009.1
7f362aa36000-7f362aa38000 r--p 0001f000 08:05 3423794                    /usr/lib/x86_64-linux-gnu/libatk-1.0.so.0.21009.1
7f362aa38000-7f362aa39000 rw-p 00021000 08:05 3423794                    /usr/lib/x86_64-linux-gnu/libatk-1.0.so.0.21009.1
7f362aa39000-7f362aae6000 r-xp 00000000 08:05 3415625                    /usr/lib/x86_64-linux-gnu/libgdk-x11-2.0.so.0.2400.23
7f362aae6000-7f362ace6000 ---p 000ad000 08:05 3415625                    /usr/lib/x86_64-linux-gnu/libgdk-x11-2.0.so.0.2400.23
7f362ace6000-7f362acea000 r--p 000ad000 08:05 3415625                    /usr/lib/x86_64-linux-gnu/libgdk-x11-2.0.so.0.2400.23
7f362acea000-7f362acec000 rw-p 000b1000 08:05 3415625                    /usr/lib/x86_64-linux-gnu/libgdk-x11-2.0.so.0.2400.23
7f362acec000-7f362b11c000 r-xp 00000000 08:05 3418285                    /usr/lib/x86_64-linux-gnu/libgtk-x11-2.0.so.0.2400.23
7f362b11c000-7f362b31b000 ---p 00430000 08:05 3418285                    /usr/lib/x86_64-linux-gnu/libgtk-x11-2.0.so.0.2400.23
7f362b31b000-7f362b322000 r--p 0042f000 08:05 3418285                    /usr/lib/x86_64-linux-gnu/libgtk-x11-2.0.so.0.2400.23
7f362b322000-7f362b326000 rw-p 00436000 08:05 3418285                    /usr/lib/x86_64-linux-gnu/libgtk-x11-2.0.so.0.2400.23
7f362b326000-7f362b329000 rw-p 00000000 00:00 0 
7f362b329000-7f362b32a000 r--s 00000000 08:05 2690513                    /var/cache/fontconfig/e0aa53bcfa504e64f87823c16bc01eb6-le64.cache-4
7f362b32a000-7f362b32d000 r--s 00000000 08:07 3155265                    /home/semitro/.cache/fontconfig/0b842dd7f47151b2fc7c781c7de403d6-le64.cache-4
7f362b32d000-7f362b32e000 rw-s 00000000 00:04 278099                     /drm mm object (deleted)
7f362b32e000-7f362b336000 r--p 00000000 08:07 3185755                    /home/semitro/.config/dconf/user
7f362b336000-7f362b337000 r--s 00000000 00:15 269722                     /run/user/1000/dconf/user
7f362b337000-7f362b348000 r--p 00000000 08:05 3945090                    /usr/share/locale-langpack/ru/LC_MESSAGES/gtk20.mo
7f362b348000-7f362b349000 rw-s 00000000 00:04 278061                     /drm mm object (deleted)
7f362b349000-7f362b350000 r--s 00000000 08:05 3750224                    /usr/lib/x86_64-linux-gnu/gconv/gconv-modules.cache
7f362b350000-7f362b35c000 r-xp 00000000 08:05 1087439                    /usr/lib/jvm/jdk1.8.0_111/jre/lib/amd64/libprism_es2.so
7f362b35c000-7f362b55b000 ---p 0000c000 08:05 1087439                    /usr/lib/jvm/jdk1.8.0_111/jre/lib/amd64/libprism_es2.so
7f362b55b000-7f362b55c000 rw-p 0000b000 08:05 1087439                    /usr/lib/jvm/jdk1.8.0_111/jre/lib/amd64/libprism_es2.so
7f362b55c000-7f362b55f000 ---p 00000000 00:00 0 
7f362b55f000-7f362b65d000 rw-p 00000000 00:00 0                          [stack:10511]
7f362b65d000-7f362b660000 ---p 00000000 00:00 0 
7f362b660000-7f362b78f000 rw-p 00000000 00:00 0                          [stack:10510]
7f362b78f000-7f362b7a5000 r-xp 00000000 08:05 1087427                    /usr/lib/jvm/jdk1.8.0_111/jre/lib/amd64/libnet.so
7f362b7a5000-7f362b9a5000 ---p 00016000 08:05 1087427                    /usr/lib/jvm/jdk1.8.0_111/jre/lib/amd64/libnet.so
7f362b9a5000-7f362b9a6000 rw-p 00016000 08:05 1087427                    /usr/lib/jvm/jdk1.8.0_111/jre/lib/amd64/libnet.so
7f362b9a6000-7f362b9a9000 ---p 00000000 00:00 0 
7f362b9a9000-7f362baa7000 rw-p 00000000 00:00 0                          [stack:10508]
7f362baa7000-7f362baa8000 r-xp 00000000 08:07 3165480                    /home/semitro/.intelliJIDEAUltimate/idea-IU-163.13906.18/bin/libbreakgen64.so
7f362baa8000-7f362bca7000 ---p 00001000 08:07 3165480                    /home/semitro/.intelliJIDEAUltimate/idea-IU-163.13906.18/bin/libbreakgen64.so
7f362bca7000-7f362bca8000 r--p 00000000 08:07 3165480                    /home/semitro/.intelliJIDEAUltimate/idea-IU-163.13906.18/bin/libbreakgen64.so
7f362bca8000-7f362bca9000 rw-p 00001000 08:07 3165480                    /home/semitro/.intelliJIDEAUltimate/idea-IU-163.13906.18/bin/libbreakgen64.so
7f362bca9000-7f362bcab000 r--s 00019000 08:07 3160659                    /home/semitro/.intelliJIDEAUltimate/idea-IU-163.13906.18/lib/idea_rt.jar
7f362bcab000-7f362bcb3000 r--s 000cf000 08:07 3190797                    /home/semitro/ /itmo//labGoodObject/src/vt/smt/bridj-0.6.2.jar
7f362bcb3000-7f362bcb7000 r--s 00060000 08:07 3190814                    /home/semitro/ /itmo//labGoodObject/src/vt/smt/Webcam.jar
7f362bcb7000-7f362bcca000 r--s 000fc000 08:07 3155191                    /home/semitro/ /itmo//labGoodObject/src/vt/smt/jackson.jar
7f362bcca000-7f362bcdd000 r--s 00345000 08:05 1497346                    /usr/lib/jvm/jdk1.8.0_111/jre/lib/resources.jar
7f362bcdd000-7f362bcef000 r--s 000d6000 08:05 1497345                    /usr/lib/jvm/jdk1.8.0_111/jre/lib/plugin.jar
7f362bcef000-7f362bcf3000 r--s 00097000 08:05 1497223                    /usr/lib/jvm/jdk1.8.0_111/jre/lib/jsse.jar
7f362bcf3000-7f362bcfd000 r--s 0006c000 08:05 1497281                    /usr/lib/jvm/jdk1.8.0_111/jre/lib/javaws.jar
7f362bcfd000-7f362bcfe000 ---p 00000000 00:00 0 
7f362bcfe000-7f362bdfe000 rw-p 00000000 00:00 0                          [stack:10507]
7f362bdfe000-7f362be01000 ---p 00000000 00:00 0 
7f362be01000-7f362beff000 rw-p 00000000 00:00 0                          [stack:10506]
7f362beff000-7f362bf02000 ---p 00000000 00:00 0 
7f362bf02000-7f362c000000 rw-p 00000000 00:00 0                          [stack:10505]
7f362c000000-7f362c021000 rw-p 00000000 00:00 0 
7f362c021000-7f3630000000 ---p 00000000 00:00 0 
7f3630000000-7f3630021000 rw-p 00000000 00:00 0 
7f3630021000-7f3634000000 ---p 00000000 00:00 0 
7f3634000000-7f3634021000 rw-p 00000000 00:00 0 
7f3634021000-7f3638000000 ---p 00000000 00:00 0 
7f3638000000-7f3638021000 rw-p 00000000 00:00 0 
7f3638021000-7f363c000000 ---p 00000000 00:00 0 
7f363c000000-7f363c021000 rw-p 00000000 00:00 0 
7f363c021000-7f3640000000 ---p 00000000 00:00 0 
7f3640000000-7f3640001000 r--s 00001000 08:07 3809733                    /home/semitro/ /itmo//labGoodObject/share/Commands.jar
7f3640001000-7f3640003000 r--s 00005000 08:07 3190813                    /home/semitro/ /itmo//labGoodObject/src/vt/smt/slf4j-nop.jar
7f3640003000-7f3640008000 r--s 00084000 08:05 1497274                    /usr/lib/jvm/jdk1.8.0_111/jre/lib/jfr.jar
7f3640008000-7f3640023000 r--s 00208000 08:05 1497282                    /usr/lib/jvm/jdk1.8.0_111/jre/lib/deploy.jar
7f3640023000-7f36400b9000 r--s 01103000 08:05 1497252                    /usr/lib/jvm/jdk1.8.0_111/jre/lib/ext/jfxrt.jar
7f36400b9000-7f36400d4000 r--s 001d2000 08:05 1497255                    /usr/lib/jvm/jdk1.8.0_111/jre/lib/ext/nashorn.jar
7f36400d4000-7f36400f0000 r--s 00393000 08:05 1497259                    /usr/lib/jvm/jdk1.8.0_111/jre/lib/ext/cldrdata.jar
7f36400f0000-7f36400f3000 ---p 00000000 00:00 0 
7f36400f3000-7f36401f1000 rw-p 00000000 00:00 0                          [stack:10504]
7f36401f1000-7f36401f4000 ---p 00000000 00:00 0 
7f36401f4000-7f36402f2000 rw-p 00000000 00:00 0                          [stack:10503]
7f36402f2000-7f3640b06000 r--p 00000000 08:05 3422530                    /usr/lib/locale/locale-archive
7f3640b06000-7f3640b09000 ---p 00000000 00:00 0 
7f3640b09000-7f3640c07000 rw-p 00000000 00:00 0                          [stack:10502]
7f3640c07000-7f3640c0a000 ---p 00000000 00:00 0 
7f3640c0a000-7f3640d08000 rw-p 00000000 00:00 0                          [stack:10501]
7f3640d08000-7f3640d09000 ---p 00000000 00:00 0 
7f3640d09000-7f3641733000 rw-p 00000000 00:00 0                          [stack:10500]
7f3641733000-7f364190b000 r--s 03d2a000 08:05 1497239                    /usr/lib/jvm/jdk1.8.0_111/jre/lib/rt.jar
7f364190b000-7f36440eb000 rw-p 00000000 00:00 0 
7f36440eb000-7f36440ec000 ---p 00000000 00:00 0 
7f36440ec000-7f36441ec000 rw-p 00000000 00:00 0                          [stack:10494]
7f36441ec000-7f36441ed000 ---p 00000000 00:00 0 
7f36441ed000-7f3644301000 rw-p 00000000 00:00 0                          [stack:10493]
7f3644301000-7f364442d000 ---p 00000000 00:00 0 
7f364442d000-7f3644441000 rw-p 00000000 00:00 0 
7f3644441000-7f364456d000 ---p 00000000 00:00 0 
7f364456d000-7f3644577000 rw-p 00000000 00:00 0 
7f3644577000-7f364460d000 ---p 00000000 00:00 0 
7f364460d000-7f3644619000 rw-p 00000000 00:00 0 
7f3644619000-7f36449ce000 ---p 00000000 00:00 0 
7f36449ce000-7f3644c8e000 rwxp 00000000 00:00 0 
7f3644c8e000-7f36539ce000 ---p 00000000 00:00 0 
7f36539ce000-7f36539e8000 r-xp 00000000 08:05 1087450                    /usr/lib/jvm/jdk1.8.0_111/jre/lib/amd64/libzip.so
7f36539e8000-7f3653be8000 ---p 0001a000 08:05 1087450                    /usr/lib/jvm/jdk1.8.0_111/jre/lib/amd64/libzip.so
7f3653be8000-7f3653be9000 rw-p 0001a000 08:05 1087450                    /usr/lib/jvm/jdk1.8.0_111/jre/lib/amd64/libzip.so
7f3653be9000-7f3653bf3000 r-xp 00000000 08:05 2161743                    /lib/x86_64-linux-gnu/libnss_files-2.19.so
7f3653bf3000-7f3653df2000 ---p 0000a000 08:05 2161743                    /lib/x86_64-linux-gnu/libnss_files-2.19.so
7f3653df2000-7f3653df3000 r--p 00009000 08:05 2161743                    /lib/x86_64-linux-gnu/libnss_files-2.19.so
7f3653df3000-7f3653df4000 rw-p 0000a000 08:05 2161743                    /lib/x86_64-linux-gnu/libnss_files-2.19.so
7f3653df4000-7f3653dff000 r-xp 00000000 08:05 2161728                    /lib/x86_64-linux-gnu/libnss_nis-2.19.so
7f3653dff000-7f3653ffe000 ---p 0000b000 08:05 2161728                    /lib/x86_64-linux-gnu/libnss_nis-2.19.so
7f3653ffe000-7f3653fff000 r--p 0000a000 08:05 2161728                    /lib/x86_64-linux-gnu/libnss_nis-2.19.so
7f3653fff000-7f3654000000 rw-p 0000b000 08:05 2161728                    /lib/x86_64-linux-gnu/libnss_nis-2.19.so
7f3654000000-7f36544af000 rw-p 00000000 00:00 0 
7f36544af000-7f3658000000 ---p 00000000 00:00 0 
7f3658000000-7f3658001000 r--s 00000000 08:07 3946169                    /home/semitro/ /itmo//labGoodObject/share/Data.jar
7f3658001000-7f3658002000 r--s 00000000 08:05 1497248                    /usr/lib/jvm/jdk1.8.0_111/jre/lib/management-agent.jar
7f3658002000-7f3658004000 r--s 00007000 08:05 1497243                    /usr/lib/jvm/jdk1.8.0_111/jre/lib/jfxswt.jar
7f3658004000-7f3658007000 r--s 0001a000 08:05 1497374                    /usr/lib/jvm/jdk1.8.0_111/jre/lib/jce.jar
7f3658007000-7f365800c000 r--s 002f9000 08:05 1497224                    /usr/lib/jvm/jdk1.8.0_111/jre/lib/charsets.jar
7f365800c000-7f3658010000 r--s 0003a000 08:05 1497251                    /usr/lib/jvm/jdk1.8.0_111/jre/lib/ext/sunpkcs11.jar
7f3658010000-7f36580d5000 rw-p 00000000 00:00 0 
7f36580d5000-7f36580ec000 r-xp 00000000 08:05 2161737                    /lib/x86_64-linux-gnu/libnsl-2.19.so
7f36580ec000-7f36582eb000 ---p 00017000 08:05 2161737                    /lib/x86_64-linux-gnu/libnsl-2.19.so
7f36582eb000-7f36582ec000 r--p 00016000 08:05 2161737                    /lib/x86_64-linux-gnu/libnsl-2.19.so
7f36582ec000-7f36582ed000 rw-p 00017000 08:05 2161737                    /lib/x86_64-linux-gnu/libnsl-2.19.so
7f36582ed000-7f36582ef000 rw-p 00000000 00:00 0 
7f36582ef000-7f36582f8000 r-xp 00000000 08:05 2161735                    /lib/x86_64-linux-gnu/libnss_compat-2.19.so
7f36582f8000-7f36584f7000 ---p 00009000 08:05 2161735                    /lib/x86_64-linux-gnu/libnss_compat-2.19.so
7f36584f7000-7f36584f8000 r--p 00008000 08:05 2161735                    /lib/x86_64-linux-gnu/libnss_compat-2.19.so
7f36584f8000-7f36584f9000 rw-p 00009000 08:05 2161735                    /lib/x86_64-linux-gnu/libnss_compat-2.19.so
7f36584f9000-7f3658524000 r-xp 00000000 08:05 1087475                    /usr/lib/jvm/jdk1.8.0_111/jre/lib/amd64/libjava.so
7f3658524000-7f3658723000 ---p 0002b000 08:05 1087475                    /usr/lib/jvm/jdk1.8.0_111/jre/lib/amd64/libjava.so
7f3658723000-7f3658725000 rw-p 0002a000 08:05 1087475                    /usr/lib/jvm/jdk1.8.0_111/jre/lib/amd64/libjava.so
7f3658725000-7f3658732000 r-xp 00000000 08:05 1087428                    /usr/lib/jvm/jdk1.8.0_111/jre/lib/amd64/libverify.so
7f3658732000-7f3658931000 ---p 0000d000 08:05 1087428                    /usr/lib/jvm/jdk1.8.0_111/jre/lib/amd64/libverify.so
7f3658931000-7f3658933000 rw-p 0000c000 08:05 1087428                    /usr/lib/jvm/jdk1.8.0_111/jre/lib/amd64/libverify.so
7f3658933000-7f365893a000 r-xp 00000000 08:05 2161725                    /lib/x86_64-linux-gnu/librt-2.19.so
7f365893a000-7f3658b39000 ---p 00007000 08:05 2161725                    /lib/x86_64-linux-gnu/librt-2.19.so
7f3658b39000-7f3658b3a000 r--p 00006000 08:05 2161725                    /lib/x86_64-linux-gnu/librt-2.19.so
7f3658b3a000-7f3658b3b000 rw-p 00007000 08:05 2161725                    /lib/x86_64-linux-gnu/librt-2.19.so
7f3658b3b000-7f3658c40000 r-xp 00000000 08:05 2161738                    /lib/x86_64-linux-gnu/libm-2.19.so
7f3658c40000-7f3658e3f000 ---p 00105000 08:05 2161738                    /lib/x86_64-linux-gnu/libm-2.19.so
7f3658e3f000-7f3658e40000 r--p 00104000 08:05 2161738                    /lib/x86_64-linux-gnu/libm-2.19.so
7f3658e40000-7f3658e41000 rw-p 00105000 08:05 2161738                    /lib/x86_64-linux-gnu/libm-2.19.so
7f3658e41000-7f3659b0e000 r-xp 00000000 08:05 1087478                    /usr/lib/jvm/jdk1.8.0_111/jre/lib/amd64/server/libjvm.so
7f3659b0e000-7f3659d0d000 ---p 00ccd000 08:05 1087478                    /usr/lib/jvm/jdk1.8.0_111/jre/lib/amd64/server/libjvm.so
7f3659d0d000-7f3659de6000 rw-p 00ccc000 08:05 1087478                    /usr/lib/jvm/jdk1.8.0_111/jre/lib/amd64/server/libjvm.so
7f3659de6000-7f3659e31000 rw-p 00000000 00:00 0 
7f3659e31000-7f3659fef000 r-xp 00000000 08:05 2161734                    /lib/x86_64-linux-gnu/libc-2.19.so
7f3659fef000-7f365a1ee000 ---p 001be000 08:05 2161734                    /lib/x86_64-linux-gnu/libc-2.19.so
7f365a1ee000-7f365a1f2000 r--p 001bd000 08:05 2161734                    /lib/x86_64-linux-gnu/libc-2.19.so
7f365a1f2000-7f365a1f4000 rw-p 001c1000 08:05 2161734                    /lib/x86_64-linux-gnu/libc-2.19.so
7f365a1f4000-7f365a1f9000 rw-p 00000000 00:00 0 
7f365a1f9000-7f365a1fc000 r-xp 00000000 08:05 2161744                    /lib/x86_64-linux-gnu/libdl-2.19.so
7f365a1fc000-7f365a3fb000 ---p 00003000 08:05 2161744                    /lib/x86_64-linux-gnu/libdl-2.19.so
7f365a3fb000-7f365a3fc000 r--p 00002000 08:05 2161744                    /lib/x86_64-linux-gnu/libdl-2.19.so
7f365a3fc000-7f365a3fd000 rw-p 00003000 08:05 2161744                    /lib/x86_64-linux-gnu/libdl-2.19.so
7f365a3fd000-7f365a412000 r-xp 00000000 08:05 1496677                    /usr/lib/jvm/jdk1.8.0_111/lib/amd64/jli/libjli.so
7f365a412000-7f365a612000 ---p 00015000 08:05 1496677                    /usr/lib/jvm/jdk1.8.0_111/lib/amd64/jli/libjli.so
7f365a612000-7f365a613000 rw-p 00015000 08:05 1496677                    /usr/lib/jvm/jdk1.8.0_111/lib/amd64/jli/libjli.so
7f365a613000-7f365a62c000 r-xp 00000000 08:05 2161745                    /lib/x86_64-linux-gnu/libpthread-2.19.so
7f365a62c000-7f365a82b000 ---p 00019000 08:05 2161745                    /lib/x86_64-linux-gnu/libpthread-2.19.so
7f365a82b000-7f365a82c000 r--p 00018000 08:05 2161745                    /lib/x86_64-linux-gnu/libpthread-2.19.so
7f365a82c000-7f365a82d000 rw-p 00019000 08:05 2161745                    /lib/x86_64-linux-gnu/libpthread-2.19.so
7f365a82d000-7f365a831000 rw-p 00000000 00:00 0 
7f365a831000-7f365a854000 r-xp 00000000 08:05 2161742                    /lib/x86_64-linux-gnu/ld-2.19.so
7f365a854000-7f365a856000 r--s 00009000 08:05 1497253                    /usr/lib/jvm/jdk1.8.0_111/jre/lib/ext/sunec.jar
7f365a856000-7f365a860000 r--s 00116000 08:05 1497256                    /usr/lib/jvm/jdk1.8.0_111/jre/lib/ext/localedata.jar
7f365a860000-7f365a925000 rw-p 00000000 00:00 0 
7f365a925000-7f365a928000 ---p 00000000 00:00 0 
7f365a928000-7f365aa2a000 rw-p 00000000 00:00 0                          [stack:10492]
7f365aa2a000-7f365aa30000 r--s 0003f000 08:05 1497254                    /usr/lib/jvm/jdk1.8.0_111/jre/lib/ext/sunjce_provider.jar
7f365aa30000-7f365aa31000 r--s 00010000 08:05 1497260                    /usr/lib/jvm/jdk1.8.0_111/jre/lib/ext/zipfs.jar
7f365aa31000-7f365aa32000 r--s 0000a000 08:05 1497258                    /usr/lib/jvm/jdk1.8.0_111/jre/lib/ext/jaccess.jar
7f365aa32000-7f365aa34000 r--s 00001000 08:05 1497250                    /usr/lib/jvm/jdk1.8.0_111/jre/lib/ext/dnsns.jar
7f365aa34000-7f365aa47000 rw-p 00000000 00:00 0 
7f365aa47000-7f365aa4f000 rw-s 00000000 08:05 2280866                    /tmp/hsperfdata_semitro/10491
7f365aa4f000-7f365aa50000 rw-p 00000000 00:00 0 
7f365aa50000-7f365aa51000 r--p 00000000 00:00 0 
7f365aa51000-7f365aa53000 rw-p 00000000 00:00 0 
7f365aa53000-7f365aa54000 r--p 00022000 08:05 2161742                    /lib/x86_64-linux-gnu/ld-2.19.so
7f365aa54000-7f365aa55000 rw-p 00023000 08:05 2161742                    /lib/x86_64-linux-gnu/ld-2.19.so
7f365aa55000-7f365aa56000 rw-p 00000000 00:00 0 
7ffc908a0000-7ffc908c2000 rw-p 00000000 00:00 0                          [stack]
7ffc909f4000-7ffc909f6000 r-xp 00000000 00:00 0                          [vdso]
ffffffffff600000-ffffffffff601000 r-xp 00000000 00:00 0                  [vsyscall]

VM Arguments:
jvm_args: -Didea.launcher.port=7540 -Didea.launcher.bin.path=/home/semitro/.intelliJIDEAUltimate/idea-IU-163.13906.18/bin -Dfile.encoding=UTF-16 
java_command: com.intellij.rt.execution.application.AppMain vt.smt.Main
java_class_path (initial): /usr/lib/jvm/jdk1.8.0_111/jre/lib/charsets.jar:/usr/lib/jvm/jdk1.8.0_111/jre/lib/deploy.jar:/usr/lib/jvm/jdk1.8.0_111/jre/lib/ext/cldrdata.jar:/usr/lib/jvm/jdk1.8.0_111/jre/lib/ext/dnsns.jar:/usr/lib/jvm/jdk1.8.0_111/jre/lib/ext/jaccess.jar:/usr/lib/jvm/jdk1.8.0_111/jre/lib/ext/jfxrt.jar:/usr/lib/jvm/jdk1.8.0_111/jre/lib/ext/localedata.jar:/usr/lib/jvm/jdk1.8.0_111/jre/lib/ext/nashorn.jar:/usr/lib/jvm/jdk1.8.0_111/jre/lib/ext/sunec.jar:/usr/lib/jvm/jdk1.8.0_111/jre/lib/ext/sunjce_provider.jar:/usr/lib/jvm/jdk1.8.0_111/jre/lib/ext/sunpkcs11.jar:/usr/lib/jvm/jdk1.8.0_111/jre/lib/ext/zipfs.jar:/usr/lib/jvm/jdk1.8.0_111/jre/lib/javaws.jar:/usr/lib/jvm/jdk1.8.0_111/jre/lib/jce.jar:/usr/lib/jvm/jdk1.8.0_111/jre/lib/jfr.jar:/usr/lib/jvm/jdk1.8.0_111/jre/lib/jfxswt.jar:/usr/lib/jvm/jdk1.8.0_111/jre/lib/jsse.jar:/usr/lib/jvm/jdk1.8.0_111/jre/lib/management-agent.jar:/usr/lib/jvm/jdk1.8.0_111/jre/lib/plugin.jar:/usr/lib/jvm/jdk1.8.0_111/jre/lib/resources.jar:/usr/lib/jvm/jdk1.8.0_111/jre/lib/rt.jar:/home/semitro/dp/itmo//labGoodObject/out/production/labGoodObject:/home/semitro/dp/itmo//labGoodObject/src/vt/smt/jackson.jar:/home/semitro/dp/itmo//labGoodObject/src/vt/smt/Webcam.jar:/home/semitro/dp/itmo//labGoodObject/src/vt/smt/bridj-0.6.2.jar:/home/semitro/dp/itmo//labGoodObject/src/vt/smt/slf4j-nop.jar:/home/semitro/dp/itmo//labGoodObject/share/Data.jar:/home/semitro/dp/itmo//labGoodObject/share/Commands.jar:/home/semitro/.intelliJIDEAUltimate/idea-IU-163.13906.18/lib/idea_rt.jar
Launcher Type: SUN_STANDARD

Environment Variables:
JAVA_HOME=/usr/lib/jvm/java-8-oracle
JRE_HOME=/usr/lib/jvm/java8-oracle/jre
PATH=/usr/local/sbin:/usr/local/bin:/usr/sbin:/usr/bin:/sbin:/bin:/usr/games:/usr/local/games:/usr/lib/jvm/java-8-oracle/bin:/usr/lib/jvm/java-8-oracle/db/bin:/usr/lib/jvm/java-8-oracle/jre/bin
SHELL=/bin/bash
DISPLAY=:0

Signal Handlers:
SIGSEGV: [libjvm.so+0xac64b0], sa_mask[0]=11111111011111111101111111111110, sa_flags=SA_RESTART|SA_SIGINFO
SIGBUS: [libjvm.so+0xac64b0], sa_mask[0]=11111111011111111101111111111110, sa_flags=SA_RESTART|SA_SIGINFO
SIGFPE: [libjvm.so+0x91f950], sa_mask[0]=11111111011111111101111111111110, sa_flags=SA_RESTART|SA_SIGINFO
SIGPIPE: SIG_IGN, sa_mask[0]=00000000000010000000000000000000, sa_flags=SA_RESTART
SIGXFSZ: [libjvm.so+0x91f950], sa_mask[0]=11111111011111111101111111111110, sa_flags=SA_RESTART|SA_SIGINFO
SIGILL: [libjvm.so+0x91f950], sa_mask[0]=11111111011111111101111111111110, sa_flags=SA_RESTART|SA_SIGINFO
SIGUSR1: SIG_DFL, sa_mask[0]=00000000000000000000000000000000, sa_flags=none
SIGUSR2: [libjvm.so+0x920f80], sa_mask[0]=00100000000000000000000000000000, sa_flags=SA_RESTART|SA_SIGINFO
SIGHUP: [libjvm.so+0x922380], sa_mask[0]=11111111011111111101111111111110, sa_flags=SA_RESTART|SA_SIGINFO
SIGINT: [libjvm.so+0x922380], sa_mask[0]=11111111011111111101111111111110, sa_flags=SA_RESTART|SA_SIGINFO
SIGTERM: [libjvm.so+0x922380], sa_mask[0]=11111111011111111101111111111110, sa_flags=SA_RESTART|SA_SIGINFO
SIGQUIT: [libjvm.so+0x922380], sa_mask[0]=11111111011111111101111111111110, sa_flags=SA_RESTART|SA_SIGINFO


---------------  S Y S T E M  ---------------

OS:DISTRIB_ID=Ubuntu
DISTRIB_RELEASE=14.04
DISTRIB_CODENAME=trusty
DISTRIB_DESCRIPTION="Ubuntu 14.04.5 LTS"

uname:Linux 3.13.0-117-generic #164-Ubuntu SMP Fri Apr 7 11:05:26 UTC 2017 x86_64
libc:glibc 2.19 NPTL 2.19 
rlimit: STACK 8192k, CORE 0k, NPROC 30545, NOFILE 4096, AS infinity
load average:1,97 2,24 2,23

/proc/meminfo:
MemTotal:        3932044 kB
MemFree:          334284 kB
Buffers:           48680 kB
Cached:           792524 kB
SwapCached:        10248 kB
Active:          2134112 kB
Inactive:         965096 kB
Active(anon):    1823896 kB
Inactive(anon):   656040 kB
Active(file):     310216 kB
Inactive(file):   309056 kB
Unevictable:          32 kB
Mlocked:              32 kB
SwapTotal:       4194300 kB
SwapFree:        4103808 kB
Dirty:              5852 kB
Writeback:             0 kB
AnonPages:       2248264 kB
Mapped:           198088 kB
Shmem:            221916 kB
Slab:             405980 kB
SReclaimable:     374540 kB
SUnreclaim:        31440 kB
KernelStack:        4376 kB
PageTables:        37612 kB
NFS_Unstable:          0 kB
Bounce:                0 kB
WritebackTmp:          0 kB
CommitLimit:     6160320 kB
Committed_AS:    6115508 kB
VmallocTotal:   34359738367 kB
VmallocUsed:      349100 kB
VmallocChunk:   34359382604 kB
HardwareCorrupted:     0 kB
AnonHugePages:    681984 kB
HugePages_Total:       0
HugePages_Free:        0
HugePages_Rsvd:        0
HugePages_Surp:        0
Hugepagesize:       2048 kB
DirectMap4k:       62208 kB
DirectMap2M:     4016128 kB


CPU:total 2 (2 cores per cpu, 1 threads per core) family 6 model 55 stepping 8, cmov, cx8, fxsr, mmx, sse, sse2, sse3, ssse3, sse4.1, sse4.2, popcnt, clmul, erms, 3dnowpref, tsc, tscinvbit

/proc/cpuinfo:
processor	: 0
vendor_id	: GenuineIntel
cpu family	: 6
model		: 55
model name	: Intel(R) Celeron(R) CPU  N2830  @ 2.16GHz
stepping	: 8
microcode	: 0x809
cpu MHz		: 2159.000
cache size	: 1024 KB
physical id	: 0
siblings	: 2
core id		: 0
cpu cores	: 2
apicid		: 0
initial apicid	: 0
fpu		: yes
fpu_exception	: yes
cpuid level	: 11
wp		: yes
flags		: fpu vme de pse tsc msr pae mce cx8 apic sep mtrr pge mca cmov pat pse36 clflush dts acpi mmx fxsr sse sse2 ss ht tm pbe syscall nx rdtscp lm constant_tsc arch_perfmon pebs bts rep_good nopl xtopology nonstop_tsc aperfmperf pni pclmulqdq dtes64 monitor ds_cpl vmx est tm2 ssse3 cx16 xtpr pdcm sse4_1 sse4_2 movbe popcnt tsc_deadline_timer rdrand lahf_lm 3dnowprefetch ida arat epb dtherm tpr_shadow vnmi flexpriority ept vpid tsc_adjust smep erms
bogomips	: 4333.33
clflush size	: 64
cache_alignment	: 64
address sizes	: 36 bits physical, 48 bits virtual
power management:

processor	: 1
vendor_id	: GenuineIntel
cpu family	: 6
model		: 55
model name	: Intel(R) Celeron(R) CPU  N2830  @ 2.16GHz
stepping	: 8
microcode	: 0x809
cpu MHz		: 2159.000
cache size	: 1024 KB
physical id	: 0
siblings	: 2
core id		: 1
cpu cores	: 2
apicid		: 2
initial apicid	: 2
fpu		: yes
fpu_exception	: yes
cpuid level	: 11
wp		: yes
flags		: fpu vme de pse tsc msr pae mce cx8 apic sep mtrr pge mca cmov pat pse36 clflush dts acpi mmx fxsr sse sse2 ss ht tm pbe syscall nx rdtscp lm constant_tsc arch_perfmon pebs bts rep_good nopl xtopology nonstop_tsc aperfmperf pni pclmulqdq dtes64 monitor ds_cpl vmx est tm2 ssse3 cx16 xtpr pdcm sse4_1 sse4_2 movbe popcnt tsc_deadline_timer rdrand lahf_lm 3dnowprefetch ida arat epb dtherm tpr_shadow vnmi flexpriority ept vpid tsc_adjust smep erms
bogomips	: 4333.33
clflush size	: 64
cache_alignment	: 64
address sizes	: 36 bits physical, 48 bits virtual
power management:



Memory: 4k page, physical 3932044k(334284k free), swap 4194300k(4103808k free)

vm_info: Java HotSpot(TM) 64-Bit Server VM (25.111-b14) for linux-amd64 JRE (1.8.0_111-b14), built on Sep 22 2016 16:14:03 by "java_re" with gcc 4.3.0 20080428 (Red Hat 4.3.0-8)

time: Fri May 12 22:57:38 2017
elapsed time: 5 seconds (0d 0h 0m 5s)

